{"Action":"DE","Output":"ProcessAdd(4): Pid(2820) Name(C:\\Windows\\System32\\msiexec.exe)","Pid":"2820","Tid":"0","Time":"2018-11-30 09:58:45"}
{"Action":"DE","Output":"NonTarget: reason(OnCreateProcess), PPid( 444), Pid(2820) GetCommandLine(C:\\Windows\\system32\\msiexec.exe /V)","Pid":"2820","Tid":"0","Time":"2018-11-30 09:58:45"}
{"Action":"DE","Output":"AddTarget: reason(IOCTL_HIPS_SETTARGETPID), PPid(   0), Pid( 576), Tid(   0), Name(C:\\Windows\\System32\\svchost.exe)","Pid":"2588","Tid":"2684","Time":"2018-11-30 09:58:45"}
{"Action":"DE","Output":"AddTarget: reason(IOCTL_HIPS_SETTARGETPID), PPid(   0), Pid( 748), Tid(   0), Name(C:\\Windows\\System32\\svchost.exe)","Pid":"2588","Tid":"2684","Time":"2018-11-30 09:58:45"}
{"Action":"DE","Output":"AddTarget: reason(IOCTL_HIPS_SETTARGETPID), PPid(   0), Pid( 824), Tid(   0), Name(C:\\Windows\\System32\\svchost.exe)","Pid":"2588","Tid":"2684","Time":"2018-11-30 09:58:45"}
{"Action":"DE","Output":"AddTarget: reason(IOCTL_HIPS_SETTARGETPID), PPid(   0), Pid( 292), Tid(   0), Name(C:\\Windows\\System32\\svchost.exe)","Pid":"2588","Tid":"2684","Time":"2018-11-30 09:58:45"}
{"Action":"DE","Output":"AddTarget: reason(IOCTL_HIPS_SETTARGETPID), PPid(   0), Pid(1680), Tid(   0), Name(C:\\Windows\\System32\\svchost.exe)","Pid":"2588","Tid":"2684","Time":"2018-11-30 09:58:45"}
{"Action":"DE","Output":"AddTarget: reason(IOCTL_HIPS_SETTARGETPID), PPid(   0), Pid(2820), Tid(   0), Name(C:\\Windows\\System32\\msiexec.exe)","Pid":"2588","Tid":"2684","Time":"2018-11-30 09:58:45"}
{"Action":"DE","Output":"SetProtectedPid: reason(IOCTL_PROTECT_PROCESS), PPid(   0), Pid(2588) Name(C:\\Tracer\\FortiTracer64.exe)","Pid":"2588","Tid":"0","Time":"2018-11-30 09:58:45"}
{"Action":"DE","Output":"SetProtectedPid: reason(IOCTL_PROTECT_PROCESS), PPid(   0), Pid(2748) Name(C:\\Tracer\\iscan\\tools\\iscan.exe)","Pid":"2748","Tid":"0","Time":"2018-11-30 09:58:45"}
{"Action":"DE","Output":"SetProtectedPid: reason(IOCTL_PROTECT_PROCESS), PPid(   0), Pid( 312) Name(C:\\Windows\\System32\\csrss.exe)","Pid":"312","Tid":"0","Time":"2018-11-30 09:58:45"}
{"Action":"DE","Output":"SetProtectedPid: reason(IOCTL_PROTECT_PROCESS), PPid(   0), Pid( 364) Name(C:\\Windows\\System32\\csrss.exe)","Pid":"364","Tid":"0","Time":"2018-11-30 09:58:45"}
{"Action":"DE","Output":"SetProtectedPid: reason(IOCTL_PROTECT_PROCESS), PPid(   0), Pid( 604) Name(D:\\FSALauncher\\FSALAUNCHER_X64.EXE)","Pid":"604","Tid":"0","Time":"2018-11-30 09:58:45"}
{"Action":"F6","Bak":"","FilePath":"%SYSTEMROOT%\\System32\\winevt\\Logs\\Microsoft-Windows-NlaSvc%4Operational.evtx","FileType":"","MD5":"","Pid":"748","Size":"0","Tid":"772","Time":"2018-11-30 09:58:47"}
{"Action":"DE","Output":"ProcessDel: Pid(1824) Name(C:\\Tracer\\tloader.exe)","Pid":"1824","Tid":"0","Time":"2018-11-30 09:58:49"}
{"Action":"F6","Bak":"","FilePath":"%SYSTEMROOT%\\System32\\winevt\\Logs\\System.evtx","FileType":"","MD5":"","Pid":"748","Size":"0","Tid":"772","Time":"2018-11-30 09:58:49"}
{"Action":"F6","Bak":"","FilePath":"%SYSTEMROOT%\\System32\\winevt\\Logs\\Microsoft-Windows-Windows Firewall With Advanced Security%4Firewall.evtx","FileType":"","MD5":"","Pid":"748","Size":"0","Tid":"844","Time":"2018-11-30 09:58:51"}
{"Action":"F6","Bak":"","FilePath":"%SYSTEMROOT%\\System32\\winevt\\Logs\\Microsoft-Windows-NetworkProfile%4Operational.evtx","FileType":"","MD5":"","Pid":"748","Size":"0","Tid":"844","Time":"2018-11-30 09:58:51"}
{"Action":"F6","Bak":"","FilePath":"%SYSTEMROOT%\\System32\\winevt\\Logs\\Microsoft-Windows-Known Folders API Service.evtx","FileType":"","MD5":"","Pid":"748","Size":"0","Tid":"844","Time":"2018-11-30 09:58:51"}
{"Action":"DE","Output":"ProcessDel: Pid(2920) Name(C:\\Windows\\System32\\mobsync.exe)","Pid":"2920","Tid":"0","Time":"2018-11-30 09:58:53"}
{"Action":"R1","Key":"HKLM\\SYSTEM\\ControlSet001\\Control\\DeviceClasses","Pid":"576","Tid":"868","Time":"2018-11-30 09:58:53"}
{"Action":"R1","Key":"HKLM\\SYSTEM\\ControlSet001\\Control\\DeviceClasses","Pid":"576","Tid":"868","Time":"2018-11-30 09:58:53"}
{"Action":"R1","Key":"HKLM\\SYSTEM\\ControlSet001\\Control\\DeviceClasses","Pid":"576","Tid":"868","Time":"2018-11-30 09:58:53"}
{"Action":"R1","Key":"HKLM\\SYSTEM\\ControlSet001\\Control\\DeviceClasses","Pid":"576","Tid":"868","Time":"2018-11-30 09:58:53"}
{"Action":"R1","Key":"HKLM\\SYSTEM\\ControlSet001\\Control\\DeviceClasses","Pid":"576","Tid":"868","Time":"2018-11-30 09:58:53"}
{"Action":"R1","Key":"HKLM\\SYSTEM\\ControlSet001\\Control\\DeviceClasses","Pid":"576","Tid":"868","Time":"2018-11-30 09:58:53"}
{"Action":"R1","Key":"HKLM\\SYSTEM\\ControlSet001\\Control\\DeviceClasses","Pid":"576","Tid":"868","Time":"2018-11-30 09:58:53"}
{"Action":"R1","Key":"HKLM\\SYSTEM\\ControlSet001\\Control\\DeviceClasses","Pid":"576","Tid":"868","Time":"2018-11-30 09:58:53"}
{"Action":"R1","Key":"HKLM\\SYSTEM\\ControlSet001\\Control\\DeviceClasses","Pid":"576","Tid":"868","Time":"2018-11-30 09:58:53"}
{"Action":"F6","Bak":"","FilePath":"%SYSTEMROOT%\\System32\\winevt\\Logs\\Microsoft-Windows-Dhcpv6-Client%4Admin.evtx","FileType":"","MD5":"","Pid":"748","Size":"0","Tid":"844","Time":"2018-11-30 09:58:57"}
{"Action":"F6","Bak":"","FilePath":"%SYSTEMROOT%\\System32\\winevt\\Logs\\Microsoft-Windows-WindowsBackup%4ActionCenter.evtx","FileType":"","MD5":"","Pid":"748","Size":"0","Tid":"844","Time":"2018-11-30 09:59:09"}
{"Action":"F6","Bak":"","FilePath":"%SYSTEMROOT%\\ServiceProfiles\\LocalService\\AppData\\Local\\lastalive0.dat","FileType":"","MD5":"","Pid":"748","Size":"0","Tid":"796","Time":"2018-11-30 09:59:09"}
{"Action":"R1","Key":"HKLM\\Software\\Microsoft\\WBEM\\CIMOM","Pid":"824","Tid":"1640","Time":"2018-11-30 09:59:13"}
{"Action":"R1","Key":"HKLM\\SOFTWARE\\Microsoft\\WBEM\\CIMOM","Pid":"824","Tid":"1640","Time":"2018-11-30 09:59:13"}
{"Action":"DE","Output":"ProcessAdd(0): Pid(2676) Name(C:\\Windows\\SysWOW64\\calc.exe)","Pid":"2676","Tid":"0","Time":"2018-11-30 09:59:14"}
{"Action":"DE","Output":"NonTarget: reason(OnCreateProcess), PPid( 740), Pid(2676) GetCommandLine(calc.exe)","Pid":"2676","Tid":"0","Time":"2018-11-30 09:59:14"}
{"Action":"R5","Data":"CD04000000000000","DataType":"11","Key":"\\REGISTRY\\A\\{C764D76C-EE4C-11E8-A8D1-00900BC83821}\\DefaultObjectStore\\_CurrentObjectId_","Pid":"824","Tid":"1208","Time":"2018-11-30 09:59:14"}
{"Action":"R1","Key":"\\REGISTRY\\A\\{C764D76C-EE4C-11E8-A8D1-00900BC83821}\\DefaultObjectStore\\ObjectTable\\4CD","Pid":"824","Tid":"1208","Time":"2018-11-30 09:59:14"}
{"Action":"R1","Key":"\\REGISTRY\\A\\{C764D76C-EE4C-11E8-A8D1-00900BC83821}\\DefaultObjectStore\\ObjectTable\\4CD","Pid":"824","Tid":"1208","Time":"2018-11-30 09:59:14"}
{"Action":"R5","Data":"CD04000000000000","DataType":"11","Key":"\\REGISTRY\\A\\{C764D76C-EE4C-11E8-A8D1-00900BC83821}\\DefaultObjectStore\\ObjectTable\\4CD\\_ObjectId_","Pid":"824","Tid":"1208","Time":"2018-11-30 09:59:14"}
{"Action":"R5","Data":"6111000000000000","DataType":"11","Key":"\\REGISTRY\\A\\{C764D76C-EE4C-11E8-A8D1-00900BC83821}\\DefaultObjectStore\\LruList\\CurrentLru","Pid":"824","Tid":"1208","Time":"2018-11-30 09:59:14"}
{"Action":"R1","Key":"\\REGISTRY\\A\\{C764D76C-EE4C-11E8-A8D1-00900BC83821}\\DefaultObjectStore\\LruList\\0000000000001161","Pid":"824","Tid":"1208","Time":"2018-11-30 09:59:14"}
{"Action":"R1","Key":"\\REGISTRY\\A\\{C764D76C-EE4C-11E8-A8D1-00900BC83821}\\DefaultObjectStore\\LruList\\0000000000001161","Pid":"824","Tid":"1208","Time":"2018-11-30 09:59:14"}
{"Action":"R5","Data":"CD04000000000000","DataType":"11","Key":"\\REGISTRY\\A\\{C764D76C-EE4C-11E8-A8D1-00900BC83821}\\DefaultObjectStore\\LruList\\0000000000001161\\ObjectId","Pid":"824","Tid":"1208","Time":"2018-11-30 09:59:14"}
{"Action":"R5","Data":"6111000000000000","DataType":"11","Key":"\\REGISTRY\\A\\{C764D76C-EE4C-11E8-A8D1-00900BC83821}\\DefaultObjectStore\\LruList\\0000000000001161\\ObjectLru","Pid":"824","Tid":"1208","Time":"2018-11-30 09:59:14"}
{"Action":"R5","Data":"6111000000000000","DataType":"11","Key":"\\REGISTRY\\A\\{C764D76C-EE4C-11E8-A8D1-00900BC83821}\\DefaultObjectStore\\ObjectTable\\4CD\\_ObjectLru_","Pid":"824","Tid":"1208","Time":"2018-11-30 09:59:14"}
{"Action":"R5","Data":"3D8F000000000100","DataType":"11","Key":"\\REGISTRY\\A\\{C764D76C-EE4C-11E8-A8D1-00900BC83821}\\DefaultObjectStore\\ObjectTable\\4CD\\_FileId_","Pid":"824","Tid":"1208","Time":"2018-11-30 09:59:14"}
{"Action":"R5","Data":"0000000000000000","DataType":"11","Key":"\\REGISTRY\\A\\{C764D76C-EE4C-11E8-A8D1-00900BC83821}\\DefaultObjectStore\\ObjectTable\\4CD\\_Usn_","Pid":"824","Tid":"1208","Time":"2018-11-30 09:59:14"}
{"Action":"R5","Data":"30E1B4625CFBD201","DataType":"11","Key":"\\REGISTRY\\A\\{C764D76C-EE4C-11E8-A8D1-00900BC83821}\\DefaultObjectStore\\ObjectTable\\4CD\\_UsnJournalId_","Pid":"824","Tid":"1208","Time":"2018-11-30 09:59:14"}
{"Action":"R1","Key":"\\REGISTRY\\A\\{C764D76C-EE4C-11E8-A8D1-00900BC83821}\\DefaultObjectStore\\IndexTable\\FileIdIndex-{8eed281a-674f-11e7-a13a-806e6f6e6963}\\1000000008F3D","Pid":"824","Tid":"1208","Time":"2018-11-30 09:59:14"}
{"Action":"R1","Key":"\\REGISTRY\\A\\{C764D76C-EE4C-11E8-A8D1-00900BC83821}\\DefaultObjectStore\\IndexTable\\FileIdIndex-{8eed281a-674f-11e7-a13a-806e6f6e6963}\\1000000008F3D","Pid":"824","Tid":"1208","Time":"2018-11-30 09:59:14"}
{"Action":"R1","Key":"\\REGISTRY\\A\\{C764D76C-EE4C-11E8-A8D1-00900BC83821}\\DefaultObjectStore\\ObjectTable\\4CD\\Indexes","Pid":"824","Tid":"1208","Time":"2018-11-30 09:59:14"}
{"Action":"R1","Key":"\\REGISTRY\\A\\{C764D76C-EE4C-11E8-A8D1-00900BC83821}\\DefaultObjectStore\\ObjectTable\\4CD\\Indexes","Pid":"824","Tid":"1208","Time":"2018-11-30 09:59:14"}
{"Action":"R1","Key":"\\REGISTRY\\A\\{C764D76C-EE4C-11E8-A8D1-00900BC83821}\\DefaultObjectStore\\ObjectTable\\4CD\\Indexes\\FileIdIndex-{8eed281a-674f-11e7-a13a-806e6f6e6963}","Pid":"824","Tid":"1208","Time":"2018-11-30 09:59:14"}
{"Action":"R1","Key":"\\REGISTRY\\A\\{C764D76C-EE4C-11E8-A8D1-00900BC83821}\\DefaultObjectStore\\ObjectTable\\4CD\\Indexes\\FileIdIndex-{8eed281a-674f-11e7-a13a-806e6f6e6963}","Pid":"824","Tid":"1208","Time":"2018-11-30 09:59:14"}
{"Action":"R5","Data":"3D8F000000000100","DataType":"11","Key":"\\REGISTRY\\A\\{C764D76C-EE4C-11E8-A8D1-00900BC83821}\\DefaultObjectStore\\ObjectTable\\4CD\\Indexes\\FileIdIndex-{8eed281a-674f-11e7-a13a-806e6f6e6963}\\1000000008F3D","Pid":"824","Tid":"1208","Time":"2018-11-30 09:59:14"}
{"Action":"R5","Data":"CD04000000000000","DataType":"11","Key":"\\REGISTRY\\A\\{C764D76C-EE4C-11E8-A8D1-00900BC83821}\\DefaultObjectStore\\IndexTable\\FileIdIndex-{8eed281a-674f-11e7-a13a-806e6f6e6963}\\1000000008F3D\\4CD","Pid":"824","Tid":"1208","Time":"2018-11-30 09:59:14"}
{"Action":"R5","Data":"300030003000300039003000310038006100370064003600630064006200650038003500390061003400330030006500380037003900340065003700330033003800310066003700370063003800340030006200650030000000","DataType":"3","Key":"\\REGISTRY\\A\\{C764D76C-EE4C-11E8-A8D1-00900BC83821}\\DefaultObjectStore\\ObjectTable\\4CD\\AeFileID","Pid":"824","Tid":"1208","Time":"2018-11-30 09:59:14"}
{"Action":"R5","Data":"300030003000300064006100330039006100330065006500350065003600620034006200300064003300320035003500620066006500660039003500360030003100380039003000610066006400380030003700300039000000","DataType":"3","Key":"\\REGISTRY\\A\\{C764D76C-EE4C-11E8-A8D1-00900BC83821}\\DefaultObjectStore\\ObjectTable\\4CD\\AeProgramID","Pid":"824","Tid":"1208","Time":"2018-11-30 09:59:14"}
{"Action":"DE","Output":"ProcessAdd(0): Pid(2664) Name(C:\\Windows\\SysWOW64\\notepad.exe)","Pid":"2664","Tid":"0","Time":"2018-11-30 09:59:14"}
{"Action":"DE","Output":"NonTarget: reason(OnCreateProcess), PPid( 740), Pid(2664) GetCommandLine(Notepad.exe)","Pid":"2664","Tid":"0","Time":"2018-11-30 09:59:14"}
{"Action":"R5","Data":"CE04000000000000","DataType":"11","Key":"\\REGISTRY\\A\\{C764D76C-EE4C-11E8-A8D1-00900BC83821}\\DefaultObjectStore\\_CurrentObjectId_","Pid":"824","Tid":"1208","Time":"2018-11-30 09:59:14"}
{"Action":"R1","Key":"\\REGISTRY\\A\\{C764D76C-EE4C-11E8-A8D1-00900BC83821}\\DefaultObjectStore\\ObjectTable\\4CE","Pid":"824","Tid":"1208","Time":"2018-11-30 09:59:14"}
{"Action":"R1","Key":"\\REGISTRY\\A\\{C764D76C-EE4C-11E8-A8D1-00900BC83821}\\DefaultObjectStore\\ObjectTable\\4CE","Pid":"824","Tid":"1208","Time":"2018-11-30 09:59:14"}
{"Action":"R5","Data":"CE04000000000000","DataType":"11","Key":"\\REGISTRY\\A\\{C764D76C-EE4C-11E8-A8D1-00900BC83821}\\DefaultObjectStore\\ObjectTable\\4CE\\_ObjectId_","Pid":"824","Tid":"1208","Time":"2018-11-30 09:59:14"}
{"Action":"R5","Data":"6411000000000000","DataType":"11","Key":"\\REGISTRY\\A\\{C764D76C-EE4C-11E8-A8D1-00900BC83821}\\DefaultObjectStore\\LruList\\CurrentLru","Pid":"824","Tid":"1208","Time":"2018-11-30 09:59:14"}
{"Action":"R1","Key":"\\REGISTRY\\A\\{C764D76C-EE4C-11E8-A8D1-00900BC83821}\\DefaultObjectStore\\LruList\\0000000000001164","Pid":"824","Tid":"1208","Time":"2018-11-30 09:59:14"}
{"Action":"R1","Key":"\\REGISTRY\\A\\{C764D76C-EE4C-11E8-A8D1-00900BC83821}\\DefaultObjectStore\\LruList\\0000000000001164","Pid":"824","Tid":"1208","Time":"2018-11-30 09:59:14"}
{"Action":"R5","Data":"CE04000000000000","DataType":"11","Key":"\\REGISTRY\\A\\{C764D76C-EE4C-11E8-A8D1-00900BC83821}\\DefaultObjectStore\\LruList\\0000000000001164\\ObjectId","Pid":"824","Tid":"1208","Time":"2018-11-30 09:59:14"}
{"Action":"R5","Data":"6411000000000000","DataType":"11","Key":"\\REGISTRY\\A\\{C764D76C-EE4C-11E8-A8D1-00900BC83821}\\DefaultObjectStore\\LruList\\0000000000001164\\ObjectLru","Pid":"824","Tid":"1208","Time":"2018-11-30 09:59:14"}
{"Action":"R5","Data":"6411000000000000","DataType":"11","Key":"\\REGISTRY\\A\\{C764D76C-EE4C-11E8-A8D1-00900BC83821}\\DefaultObjectStore\\ObjectTable\\4CE\\_ObjectLru_","Pid":"824","Tid":"1208","Time":"2018-11-30 09:59:14"}
{"Action":"R5","Data":"DE93000000000100","DataType":"11","Key":"\\REGISTRY\\A\\{C764D76C-EE4C-11E8-A8D1-00900BC83821}\\DefaultObjectStore\\ObjectTable\\4CE\\_FileId_","Pid":"824","Tid":"1208","Time":"2018-11-30 09:59:14"}
{"Action":"R5","Data":"0000000000000000","DataType":"11","Key":"\\REGISTRY\\A\\{C764D76C-EE4C-11E8-A8D1-00900BC83821}\\DefaultObjectStore\\ObjectTable\\4CE\\_Usn_","Pid":"824","Tid":"1208","Time":"2018-11-30 09:59:14"}
{"Action":"R5","Data":"30E1B4625CFBD201","DataType":"11","Key":"\\REGISTRY\\A\\{C764D76C-EE4C-11E8-A8D1-00900BC83821}\\DefaultObjectStore\\ObjectTable\\4CE\\_UsnJournalId_","Pid":"824","Tid":"1208","Time":"2018-11-30 09:59:14"}
{"Action":"R1","Key":"\\REGISTRY\\A\\{C764D76C-EE4C-11E8-A8D1-00900BC83821}\\DefaultObjectStore\\IndexTable\\FileIdIndex-{8eed281a-674f-11e7-a13a-806e6f6e6963}\\10000000093DE","Pid":"824","Tid":"1208","Time":"2018-11-30 09:59:14"}
{"Action":"R1","Key":"\\REGISTRY\\A\\{C764D76C-EE4C-11E8-A8D1-00900BC83821}\\DefaultObjectStore\\IndexTable\\FileIdIndex-{8eed281a-674f-11e7-a13a-806e6f6e6963}\\10000000093DE","Pid":"824","Tid":"1208","Time":"2018-11-30 09:59:14"}
{"Action":"R1","Key":"\\REGISTRY\\A\\{C764D76C-EE4C-11E8-A8D1-00900BC83821}\\DefaultObjectStore\\ObjectTable\\4CE\\Indexes","Pid":"824","Tid":"1208","Time":"2018-11-30 09:59:14"}
{"Action":"R1","Key":"\\REGISTRY\\A\\{C764D76C-EE4C-11E8-A8D1-00900BC83821}\\DefaultObjectStore\\ObjectTable\\4CE\\Indexes","Pid":"824","Tid":"1208","Time":"2018-11-30 09:59:14"}
{"Action":"R1","Key":"\\REGISTRY\\A\\{C764D76C-EE4C-11E8-A8D1-00900BC83821}\\DefaultObjectStore\\ObjectTable\\4CE\\Indexes\\FileIdIndex-{8eed281a-674f-11e7-a13a-806e6f6e6963}","Pid":"824","Tid":"1208","Time":"2018-11-30 09:59:14"}
{"Action":"R1","Key":"\\REGISTRY\\A\\{C764D76C-EE4C-11E8-A8D1-00900BC83821}\\DefaultObjectStore\\ObjectTable\\4CE\\Indexes\\FileIdIndex-{8eed281a-674f-11e7-a13a-806e6f6e6963}","Pid":"824","Tid":"1208","Time":"2018-11-30 09:59:14"}
{"Action":"R5","Data":"DE93000000000100","DataType":"11","Key":"\\REGISTRY\\A\\{C764D76C-EE4C-11E8-A8D1-00900BC83821}\\DefaultObjectStore\\ObjectTable\\4CE\\Indexes\\FileIdIndex-{8eed281a-674f-11e7-a13a-806e6f6e6963}\\10000000093DE","Pid":"824","Tid":"1208","Time":"2018-11-30 09:59:14"}
{"Action":"R5","Data":"CE04000000000000","DataType":"11","Key":"\\REGISTRY\\A\\{C764D76C-EE4C-11E8-A8D1-00900BC83821}\\DefaultObjectStore\\IndexTable\\FileIdIndex-{8eed281a-674f-11e7-a13a-806e6f6e6963}\\10000000093DE\\4CE","Pid":"824","Tid":"1208","Time":"2018-11-30 09:59:14"}
{"Action":"R5","Data":"300030003000300066003000300061006100350031006300320065006400380062003200660036003500360033003100380066006400630030003100650065003100630066003500340034003100300031003100610034000000","DataType":"3","Key":"\\REGISTRY\\A\\{C764D76C-EE4C-11E8-A8D1-00900BC83821}\\DefaultObjectStore\\ObjectTable\\4CE\\AeFileID","Pid":"824","Tid":"1208","Time":"2018-11-30 09:59:14"}
{"Action":"R5","Data":"300030003000300064006100330039006100330065006500350065003600620034006200300064003300320035003500620066006500660039003500360030003100380039003000610066006400380030003700300039000000","DataType":"3","Key":"\\REGISTRY\\A\\{C764D76C-EE4C-11E8-A8D1-00900BC83821}\\DefaultObjectStore\\ObjectTable\\4CE\\AeProgramID","Pid":"824","Tid":"1208","Time":"2018-11-30 09:59:14"}
{"Action":"F6","Bak":"","FilePath":"%SYSTEMROOT%\\System32\\winevt\\Logs\\Security.evtx","FileType":"","MD5":"","Pid":"748","Size":"0","Tid":"844","Time":"2018-11-30 09:59:17"}
{"Action":"DE","Output":"ProcessDel: Pid(2676) Name(C:\\Windows\\SysWOW64\\calc.exe)","Pid":"2676","Tid":"0","Time":"2018-11-30 09:59:20"}
{"Action":"DE","Output":"ProcessDel: Pid(2664) Name(C:\\Windows\\SysWOW64\\notepad.exe)","Pid":"2664","Tid":"0","Time":"2018-11-30 09:59:20"}
{"Action":"P33","FilePath":"%SYSTEMROOT%\\System32\\svchost.exe","Pid":"824","Privileges":"SeAssignPrimaryTokenPrivilege,SeLockMemoryPrivilege,SeIncreaseQuotaPrivilege,SeTcbPrivilege,SeSecurityPrivilege,SeTakeOwnershipPrivilege,SeLoadDriverPrivilege,SeSystemProfilePrivilege,SeSystemtimePrivilege,SeProfileSingleProcessPrivilege,SeIncreaseBasePriorityPrivilege,SeCreatePagefilePrivilege,SeCreatePermanentPrivilege,SeBackupPrivilege,SeRestorePrivilege,SeShutdownPrivilege,SeDebugPrivilege,SeAuditPrivilege,SeSystemEnvironmentPrivilege,SeChangeNotifyPrivilege,SeUndockPrivilege,SeManageVolumePrivilege,SeImpersonatePrivilege,SeCreateGlobalPrivilege,SeIncreaseWorkingSetPrivilege,SeTimeZonePrivilege,SeCreateSymbolicLinkPrivilege,","Tid":"2944","Time":"2018-11-30 09:59:20"}
{"Action":"R1","Key":"HKLM\\SOFTWARE\\CLASSES","Pid":"824","Tid":"2944","Time":"2018-11-30 09:59:20"}
{"Action":"R1","Key":"HKLM\\SOFTWARE\\Classes","Pid":"824","Tid":"2944","Time":"2018-11-30 09:59:20"}
{"Action":"R1","Key":"HKLM\\SOFTWARE\\CLASSES","Pid":"824","Tid":"2944","Time":"2018-11-30 09:59:20"}
{"Action":"R1","Key":"HKLM\\SOFTWARE\\Classes","Pid":"824","Tid":"2944","Time":"2018-11-30 09:59:20"}
{"Action":"R1","Key":"HKLM\\SOFTWARE\\CLASSES","Pid":"824","Tid":"2944","Time":"2018-11-30 09:59:20"}
{"Action":"R1","Key":"HKLM\\SOFTWARE\\Classes","Pid":"824","Tid":"2944","Time":"2018-11-30 09:59:20"}
{"Action":"R1","Key":"HKLM\\SOFTWARE\\CLASSES","Pid":"824","Tid":"2944","Time":"2018-11-30 09:59:20"}
{"Action":"R1","Key":"HKLM\\SOFTWARE\\Classes","Pid":"824","Tid":"2944","Time":"2018-11-30 09:59:20"}
{"Action":"R1","Key":"HKLM\\SOFTWARE\\CLASSES","Pid":"824","Tid":"2944","Time":"2018-11-30 09:59:20"}
{"Action":"R1","Key":"HKLM\\SOFTWARE\\Classes","Pid":"824","Tid":"2944","Time":"2018-11-30 09:59:20"}
{"Action":"P33","FilePath":"%SYSTEMROOT%\\System32\\svchost.exe","Pid":"824","Privileges":"SeAssignPrimaryTokenPrivilege,SeLockMemoryPrivilege,SeIncreaseQuotaPrivilege,SeTcbPrivilege,SeSecurityPrivilege,SeTakeOwnershipPrivilege,SeLoadDriverPrivilege,SeSystemProfilePrivilege,SeSystemtimePrivilege,SeProfileSingleProcessPrivilege,SeIncreaseBasePriorityPrivilege,SeCreatePagefilePrivilege,SeCreatePermanentPrivilege,SeBackupPrivilege,SeRestorePrivilege,SeShutdownPrivilege,SeDebugPrivilege,SeAuditPrivilege,SeSystemEnvironmentPrivilege,SeChangeNotifyPrivilege,SeUndockPrivilege,SeManageVolumePrivilege,SeImpersonatePrivilege,SeCreateGlobalPrivilege,SeIncreaseWorkingSetPrivilege,SeTimeZonePrivilege,SeCreateSymbolicLinkPrivilege,","Tid":"2944","Time":"2018-11-30 09:59:20"}
{"Action":"DE","Output":"ProcessAdd(0): Pid(2972) Name(C:\\Windows\\SysWOW64\\wbem\\WmiPrvSE.exe)","Pid":"2972","Tid":"0","Time":"2018-11-30 09:59:20"}
{"Action":"DE","Output":"NonTarget: reason(OnCreateProcess), PPid( 576), Pid(2972) GetCommandLine(C:\\Windows\\sysWOW64\\wbem\\wmiprvse.exe -secured -Embedding)","Pid":"2972","Tid":"0","Time":"2018-11-30 09:59:20"}
{"Action":"R5","Data":"CF04000000000000","DataType":"11","Key":"\\REGISTRY\\A\\{C764D76C-EE4C-11E8-A8D1-00900BC83821}\\DefaultObjectStore\\_CurrentObjectId_","Pid":"824","Tid":"1208","Time":"2018-11-30 09:59:20"}
{"Action":"R1","Key":"\\REGISTRY\\A\\{C764D76C-EE4C-11E8-A8D1-00900BC83821}\\DefaultObjectStore\\ObjectTable\\4CF","Pid":"824","Tid":"1208","Time":"2018-11-30 09:59:20"}
{"Action":"R1","Key":"\\REGISTRY\\A\\{C764D76C-EE4C-11E8-A8D1-00900BC83821}\\DefaultObjectStore\\ObjectTable\\4CF","Pid":"824","Tid":"1208","Time":"2018-11-30 09:59:20"}
{"Action":"R5","Data":"CF04000000000000","DataType":"11","Key":"\\REGISTRY\\A\\{C764D76C-EE4C-11E8-A8D1-00900BC83821}\\DefaultObjectStore\\ObjectTable\\4CF\\_ObjectId_","Pid":"824","Tid":"1208","Time":"2018-11-30 09:59:20"}
{"Action":"R5","Data":"6711000000000000","DataType":"11","Key":"\\REGISTRY\\A\\{C764D76C-EE4C-11E8-A8D1-00900BC83821}\\DefaultObjectStore\\LruList\\CurrentLru","Pid":"824","Tid":"1208","Time":"2018-11-30 09:59:20"}
{"Action":"R1","Key":"\\REGISTRY\\A\\{C764D76C-EE4C-11E8-A8D1-00900BC83821}\\DefaultObjectStore\\LruList\\0000000000001167","Pid":"824","Tid":"1208","Time":"2018-11-30 09:59:20"}
{"Action":"R1","Key":"\\REGISTRY\\A\\{C764D76C-EE4C-11E8-A8D1-00900BC83821}\\DefaultObjectStore\\LruList\\0000000000001167","Pid":"824","Tid":"1208","Time":"2018-11-30 09:59:20"}
{"Action":"R5","Data":"CF04000000000000","DataType":"11","Key":"\\REGISTRY\\A\\{C764D76C-EE4C-11E8-A8D1-00900BC83821}\\DefaultObjectStore\\LruList\\0000000000001167\\ObjectId","Pid":"824","Tid":"1208","Time":"2018-11-30 09:59:20"}
{"Action":"R5","Data":"6711000000000000","DataType":"11","Key":"\\REGISTRY\\A\\{C764D76C-EE4C-11E8-A8D1-00900BC83821}\\DefaultObjectStore\\LruList\\0000000000001167\\ObjectLru","Pid":"824","Tid":"1208","Time":"2018-11-30 09:59:20"}
{"Action":"R5","Data":"6711000000000000","DataType":"11","Key":"\\REGISTRY\\A\\{C764D76C-EE4C-11E8-A8D1-00900BC83821}\\DefaultObjectStore\\ObjectTable\\4CF\\_ObjectLru_","Pid":"824","Tid":"1208","Time":"2018-11-30 09:59:20"}
{"Action":"R5","Data":"7E9E000000000100","DataType":"11","Key":"\\REGISTRY\\A\\{C764D76C-EE4C-11E8-A8D1-00900BC83821}\\DefaultObjectStore\\ObjectTable\\4CF\\_FileId_","Pid":"824","Tid":"1208","Time":"2018-11-30 09:59:20"}
{"Action":"R5","Data":"0000000000000000","DataType":"11","Key":"\\REGISTRY\\A\\{C764D76C-EE4C-11E8-A8D1-00900BC83821}\\DefaultObjectStore\\ObjectTable\\4CF\\_Usn_","Pid":"824","Tid":"1208","Time":"2018-11-30 09:59:20"}
{"Action":"R5","Data":"30E1B4625CFBD201","DataType":"11","Key":"\\REGISTRY\\A\\{C764D76C-EE4C-11E8-A8D1-00900BC83821}\\DefaultObjectStore\\ObjectTable\\4CF\\_UsnJournalId_","Pid":"824","Tid":"1208","Time":"2018-11-30 09:59:20"}
{"Action":"R1","Key":"\\REGISTRY\\A\\{C764D76C-EE4C-11E8-A8D1-00900BC83821}\\DefaultObjectStore\\IndexTable\\FileIdIndex-{8eed281a-674f-11e7-a13a-806e6f6e6963}\\1000000009E7E","Pid":"824","Tid":"1208","Time":"2018-11-30 09:59:20"}
{"Action":"R1","Key":"\\REGISTRY\\A\\{C764D76C-EE4C-11E8-A8D1-00900BC83821}\\DefaultObjectStore\\IndexTable\\FileIdIndex-{8eed281a-674f-11e7-a13a-806e6f6e6963}\\1000000009E7E","Pid":"824","Tid":"1208","Time":"2018-11-30 09:59:20"}
{"Action":"R1","Key":"\\REGISTRY\\A\\{C764D76C-EE4C-11E8-A8D1-00900BC83821}\\DefaultObjectStore\\ObjectTable\\4CF\\Indexes","Pid":"824","Tid":"1208","Time":"2018-11-30 09:59:20"}
{"Action":"R1","Key":"\\REGISTRY\\A\\{C764D76C-EE4C-11E8-A8D1-00900BC83821}\\DefaultObjectStore\\ObjectTable\\4CF\\Indexes","Pid":"824","Tid":"1208","Time":"2018-11-30 09:59:20"}
{"Action":"R1","Key":"\\REGISTRY\\A\\{C764D76C-EE4C-11E8-A8D1-00900BC83821}\\DefaultObjectStore\\ObjectTable\\4CF\\Indexes\\FileIdIndex-{8eed281a-674f-11e7-a13a-806e6f6e6963}","Pid":"824","Tid":"1208","Time":"2018-11-30 09:59:20"}
{"Action":"R1","Key":"\\REGISTRY\\A\\{C764D76C-EE4C-11E8-A8D1-00900BC83821}\\DefaultObjectStore\\ObjectTable\\4CF\\Indexes\\FileIdIndex-{8eed281a-674f-11e7-a13a-806e6f6e6963}","Pid":"824","Tid":"1208","Time":"2018-11-30 09:59:20"}
{"Action":"R5","Data":"7E9E000000000100","DataType":"11","Key":"\\REGISTRY\\A\\{C764D76C-EE4C-11E8-A8D1-00900BC83821}\\DefaultObjectStore\\ObjectTable\\4CF\\Indexes\\FileIdIndex-{8eed281a-674f-11e7-a13a-806e6f6e6963}\\1000000009E7E","Pid":"824","Tid":"1208","Time":"2018-11-30 09:59:20"}
{"Action":"R5","Data":"CF04000000000000","DataType":"11","Key":"\\REGISTRY\\A\\{C764D76C-EE4C-11E8-A8D1-00900BC83821}\\DefaultObjectStore\\IndexTable\\FileIdIndex-{8eed281a-674f-11e7-a13a-806e6f6e6963}\\1000000009E7E\\4CF","Pid":"824","Tid":"1208","Time":"2018-11-30 09:59:20"}
{"Action":"R5","Data":"300030003000300038006200660031003800310039003600350039006200370039006400310030003100320031003200390034006600330037006600370064003900630066003700640039003500350035003900630031000000","DataType":"3","Key":"\\REGISTRY\\A\\{C764D76C-EE4C-11E8-A8D1-00900BC83821}\\DefaultObjectStore\\ObjectTable\\4CF\\AeFileID","Pid":"824","Tid":"1208","Time":"2018-11-30 09:59:20"}
{"Action":"R5","Data":"300030003000300064006100330039006100330065006500350065003600620034006200300064003300320035003500620066006500660039003500360030003100380039003000610066006400380030003700300039000000","DataType":"3","Key":"\\REGISTRY\\A\\{C764D76C-EE4C-11E8-A8D1-00900BC83821}\\DefaultObjectStore\\ObjectTable\\4CF\\AeProgramID","Pid":"824","Tid":"1208","Time":"2018-11-30 09:59:20"}
{"Action":"DE","Output":"NonTarget: reason(OnPostNtWriteVirtualMemory), PPid( 576), Pid(2972) GetCommandLine(C:\\Windows\\sysWOW64\\wbem\\wmiprvse.exe -secured -Embedding)","Pid":"2972","Tid":"0","Time":"2018-11-30 09:59:20"}
{"Action":"DE","Output":"NonTarget: reason(OnPostNtWriteVirtualMemory), PPid( 576), Pid(2972) GetCommandLine(C:\\Windows\\sysWOW64\\wbem\\wmiprvse.exe -secured -Embedding)","Pid":"2972","Tid":"0","Time":"2018-11-30 09:59:20"}
{"Action":"DE","Output":"NonTarget: reason(OnPostNtWriteVirtualMemory), PPid( 576), Pid(2972) GetCommandLine(C:\\Windows\\sysWOW64\\wbem\\wmiprvse.exe -secured -Embedding)","Pid":"2972","Tid":"0","Time":"2018-11-30 09:59:20"}
{"Action":"DE","Output":"NonTarget: reason(OnPostNtWriteVirtualMemory), PPid( 576), Pid(2972) GetCommandLine(C:\\Windows\\sysWOW64\\wbem\\wmiprvse.exe -secured -Embedding)","Pid":"2972","Tid":"0","Time":"2018-11-30 09:59:21"}
{"Action":"P33","FilePath":"%SYSTEMROOT%\\System32\\svchost.exe","Pid":"824","Privileges":"SeAssignPrimaryTokenPrivilege,SeLockMemoryPrivilege,SeIncreaseQuotaPrivilege,SeTcbPrivilege,SeSecurityPrivilege,SeTakeOwnershipPrivilege,SeLoadDriverPrivilege,SeSystemProfilePrivilege,SeSystemtimePrivilege,SeProfileSingleProcessPrivilege,SeIncreaseBasePriorityPrivilege,SeCreatePagefilePrivilege,SeCreatePermanentPrivilege,SeBackupPrivilege,SeRestorePrivilege,SeShutdownPrivilege,SeDebugPrivilege,SeAuditPrivilege,SeSystemEnvironmentPrivilege,SeChangeNotifyPrivilege,SeUndockPrivilege,SeManageVolumePrivilege,SeImpersonatePrivilege,SeCreateGlobalPrivilege,SeIncreaseWorkingSetPrivilege,SeTimeZonePrivilege,SeCreateSymbolicLinkPrivilege,","Tid":"2944","Time":"2018-11-30 09:59:21"}
{"Action":"P33","FilePath":"%SYSTEMROOT%\\System32\\svchost.exe","Pid":"824","Privileges":"SeAssignPrimaryTokenPrivilege,SeLockMemoryPrivilege,SeIncreaseQuotaPrivilege,SeTcbPrivilege,SeSecurityPrivilege,SeTakeOwnershipPrivilege,SeLoadDriverPrivilege,SeSystemProfilePrivilege,SeSystemtimePrivilege,SeProfileSingleProcessPrivilege,SeIncreaseBasePriorityPrivilege,SeCreatePagefilePrivilege,SeCreatePermanentPrivilege,SeBackupPrivilege,SeRestorePrivilege,SeShutdownPrivilege,SeDebugPrivilege,SeAuditPrivilege,SeSystemEnvironmentPrivilege,SeChangeNotifyPrivilege,SeUndockPrivilege,SeManageVolumePrivilege,SeImpersonatePrivilege,SeCreateGlobalPrivilege,SeIncreaseWorkingSetPrivilege,SeTimeZonePrivilege,SeCreateSymbolicLinkPrivilege,","Tid":"2944","Time":"2018-11-30 09:59:21"}
{"Action":"P33","FilePath":"%SYSTEMROOT%\\System32\\svchost.exe","Pid":"824","Privileges":"SeAssignPrimaryTokenPrivilege,SeLockMemoryPrivilege,SeIncreaseQuotaPrivilege,SeTcbPrivilege,SeSecurityPrivilege,SeTakeOwnershipPrivilege,SeLoadDriverPrivilege,SeSystemProfilePrivilege,SeSystemtimePrivilege,SeProfileSingleProcessPrivilege,SeIncreaseBasePriorityPrivilege,SeCreatePagefilePrivilege,SeCreatePermanentPrivilege,SeBackupPrivilege,SeRestorePrivilege,SeShutdownPrivilege,SeDebugPrivilege,SeAuditPrivilege,SeSystemEnvironmentPrivilege,SeChangeNotifyPrivilege,SeUndockPrivilege,SeManageVolumePrivilege,SeImpersonatePrivilege,SeCreateGlobalPrivilege,SeIncreaseWorkingSetPrivilege,SeTimeZonePrivilege,SeCreateSymbolicLinkPrivilege,","Tid":"2944","Time":"2018-11-30 09:59:21"}
{"Action":"DE","Output":"ProcessAdd(0): Pid(3016) Name(C:\\Program Files (x86)\\Internet Explorer\\iexplore.exe)","Pid":"3016","Tid":"0","Time":"2018-11-30 09:59:21"}
{"Action":"DE","Output":"AddTarget: reason(GetCommandLine), PPid( 576), Pid(3016), Tid(   0), Name(C:\\Program Files (x86)\\Internet Explorer\\iexplore.exe)","Pid":"576","Tid":"612","Time":"2018-11-30 09:59:21"}
{"Action":"DE","Output":"ProcessAdd(0): Pid(1780) Name(C:\\Program Files (x86)\\Internet Explorer\\iexplore.exe)","Pid":"1780","Tid":"0","Time":"2018-11-30 09:59:21"}
{"Action":"DE","Output":"AddTarget: reason(OnCreateProcess), PPid(3016), Pid(1780), Tid(   0), Name(C:\\Program Files (x86)\\Internet Explorer\\iexplore.exe)","Pid":"3016","Tid":"2056","Time":"2018-11-30 09:59:21"}
{"Action":"R1","Key":"HKLM\\SOFTWARE\\CLASSES","Pid":"824","Tid":"2380","Time":"2018-11-30 09:59:21"}
{"Action":"R1","Key":"HKLM\\SOFTWARE\\Classes","Pid":"824","Tid":"2380","Time":"2018-11-30 09:59:21"}
{"Action":"R1","Key":"HKLM\\SYSTEM\\ControlSet001\\Control\\DeviceClasses","Pid":"576","Tid":"612","Time":"2018-11-30 09:59:21"}
{"Action":"R1","Key":"HKLM\\SYSTEM\\ControlSet001\\Control\\DeviceClasses","Pid":"576","Tid":"612","Time":"2018-11-30 09:59:21"}
{"Action":"R1","Key":"HKLM\\SYSTEM\\ControlSet001\\Control\\DeviceClasses","Pid":"576","Tid":"612","Time":"2018-11-30 09:59:21"}
{"Action":"R1","Key":"HKLM\\SYSTEM\\ControlSet001\\Control\\DeviceClasses","Pid":"576","Tid":"612","Time":"2018-11-30 09:59:21"}
{"Action":"R1","Key":"HKLM\\SYSTEM\\ControlSet001\\Control\\DeviceClasses","Pid":"576","Tid":"612","Time":"2018-11-30 09:59:21"}
{"Action":"R1","Key":"HKLM\\SYSTEM\\ControlSet001\\Control\\DeviceClasses","Pid":"576","Tid":"612","Time":"2018-11-30 09:59:21"}
{"Action":"R1","Key":"HKLM\\SYSTEM\\ControlSet001\\Control\\DeviceClasses","Pid":"576","Tid":"612","Time":"2018-11-30 09:59:21"}
{"Action":"R1","Key":"HKLM\\SYSTEM\\ControlSet001\\Control\\DeviceClasses","Pid":"576","Tid":"612","Time":"2018-11-30 09:59:21"}
{"Action":"R1","Key":"HKLM\\SYSTEM\\ControlSet001\\Control\\DeviceClasses","Pid":"576","Tid":"612","Time":"2018-11-30 09:59:21"}
{"Action":"R1","Key":"HKLM\\SYSTEM\\ControlSet001\\Control\\DeviceClasses","Pid":"576","Tid":"612","Time":"2018-11-30 09:59:21"}
{"Action":"R1","Key":"HKLM\\SYSTEM\\ControlSet001\\Control\\DeviceClasses","Pid":"576","Tid":"612","Time":"2018-11-30 09:59:21"}
{"Action":"R1","Key":"HKLM\\SYSTEM\\ControlSet001\\Control\\DeviceClasses","Pid":"576","Tid":"612","Time":"2018-11-30 09:59:21"}
{"Action":"DE","Output":"ProcessAdd(0): Pid(2112) Name(C:\\Program Files (x86)\\Windows Media Player\\wmplayer.exe)","Pid":"2112","Tid":"0","Time":"2018-11-30 09:59:21"}
{"Action":"DE","Output":"AddTarget: reason(OnCreateProcess), PPid(1780), Pid(2112), Tid(   0), Name(C:\\Program Files (x86)\\Windows Media Player\\wmplayer.exe)","Pid":"1780","Tid":"2120","Time":"2018-11-30 09:59:21"}
{"Action":"R1","Key":"HKLM\\SYSTEM\\ControlSet001\\Control\\DeviceClasses","Pid":"576","Tid":"612","Time":"2018-11-30 09:59:21"}
{"Action":"R1","Key":"HKLM\\SYSTEM\\ControlSet001\\Control\\DeviceClasses","Pid":"576","Tid":"612","Time":"2018-11-30 09:59:21"}
{"Action":"R1","Key":"HKLM\\SYSTEM\\ControlSet001\\Control\\DeviceClasses","Pid":"576","Tid":"612","Time":"2018-11-30 09:59:21"}
{"Action":"R1","Key":"HKLM\\SYSTEM\\ControlSet001\\Control\\DeviceClasses","Pid":"576","Tid":"612","Time":"2018-11-30 09:59:21"}
{"Action":"R1","Key":"HKLM\\SYSTEM\\ControlSet001\\Control\\DeviceClasses","Pid":"576","Tid":"612","Time":"2018-11-30 09:59:21"}
{"Action":"R1","Key":"HKLM\\SYSTEM\\ControlSet001\\Control\\DeviceClasses","Pid":"576","Tid":"612","Time":"2018-11-30 09:59:21"}
{"Action":"R1","Key":"HKLM\\SYSTEM\\ControlSet001\\Control\\DeviceClasses","Pid":"576","Tid":"612","Time":"2018-11-30 09:59:21"}
{"Action":"R1","Key":"HKLM\\SYSTEM\\ControlSet001\\Control\\DeviceClasses","Pid":"576","Tid":"612","Time":"2018-11-30 09:59:21"}
{"Action":"R1","Key":"HKLM\\SYSTEM\\ControlSet001\\Control\\DeviceClasses","Pid":"576","Tid":"612","Time":"2018-11-30 09:59:21"}
{"Action":"DE","Output":"ProcessAdd(0): Pid(2240) Name(C:\\Program Files (x86)\\Windows Media Player\\setup_wm.exe)","Pid":"2240","Tid":"0","Time":"2018-11-30 09:59:21"}
{"Action":"DE","Output":"AddTarget: reason(OnCreateProcess), PPid(2112), Pid(2240), Tid(   0), Name(C:\\Program Files (x86)\\Windows Media Player\\setup_wm.exe)","Pid":"2112","Tid":"2316","Time":"2018-11-30 09:59:21"}
{"Action":"DE","Output":"ProcessDel: Pid(1780) Name(C:\\Program Files (x86)\\Internet Explorer\\iexplore.exe)","Pid":"1780","Tid":"0","Time":"2018-11-30 09:59:21"}
{"Action":"DE","Output":"DelTarget: Pid(1780), Name(C:\\Program Files (x86)\\Internet Explorer\\iexplore.exe)","Pid":"1780","Tid":"0","Time":"2018-11-30 09:59:21"}
{"Action":"DE","Output":"ProcessDel: Pid(3016) Name(C:\\Program Files (x86)\\Internet Explorer\\iexplore.exe)","Pid":"3016","Tid":"0","Time":"2018-11-30 09:59:21"}
{"Action":"DE","Output":"DelTarget: Pid(3016), Name(C:\\Program Files (x86)\\Internet Explorer\\iexplore.exe)","Pid":"3016","Tid":"0","Time":"2018-11-30 09:59:21"}
{"Action":"R5","Data":"D004000000000000","DataType":"11","Key":"\\REGISTRY\\A\\{C764D76C-EE4C-11E8-A8D1-00900BC83821}\\DefaultObjectStore\\_CurrentObjectId_","Pid":"824","Tid":"1208","Time":"2018-11-30 09:59:21"}
{"Action":"R1","Key":"\\REGISTRY\\A\\{C764D76C-EE4C-11E8-A8D1-00900BC83821}\\DefaultObjectStore\\ObjectTable\\4D0","Pid":"824","Tid":"1208","Time":"2018-11-30 09:59:21"}
{"Action":"R1","Key":"\\REGISTRY\\A\\{C764D76C-EE4C-11E8-A8D1-00900BC83821}\\DefaultObjectStore\\ObjectTable\\4D0","Pid":"824","Tid":"1208","Time":"2018-11-30 09:59:21"}
{"Action":"R5","Data":"D004000000000000","DataType":"11","Key":"\\REGISTRY\\A\\{C764D76C-EE4C-11E8-A8D1-00900BC83821}\\DefaultObjectStore\\ObjectTable\\4D0\\_ObjectId_","Pid":"824","Tid":"1208","Time":"2018-11-30 09:59:21"}
{"Action":"R5","Data":"6A11000000000000","DataType":"11","Key":"\\REGISTRY\\A\\{C764D76C-EE4C-11E8-A8D1-00900BC83821}\\DefaultObjectStore\\LruList\\CurrentLru","Pid":"824","Tid":"1208","Time":"2018-11-30 09:59:21"}
{"Action":"R1","Key":"\\REGISTRY\\A\\{C764D76C-EE4C-11E8-A8D1-00900BC83821}\\DefaultObjectStore\\LruList\\000000000000116A","Pid":"824","Tid":"1208","Time":"2018-11-30 09:59:21"}
{"Action":"R1","Key":"\\REGISTRY\\A\\{C764D76C-EE4C-11E8-A8D1-00900BC83821}\\DefaultObjectStore\\LruList\\000000000000116A","Pid":"824","Tid":"1208","Time":"2018-11-30 09:59:21"}
{"Action":"R5","Data":"D004000000000000","DataType":"11","Key":"\\REGISTRY\\A\\{C764D76C-EE4C-11E8-A8D1-00900BC83821}\\DefaultObjectStore\\LruList\\000000000000116A\\ObjectId","Pid":"824","Tid":"1208","Time":"2018-11-30 09:59:21"}
{"Action":"R5","Data":"6A11000000000000","DataType":"11","Key":"\\REGISTRY\\A\\{C764D76C-EE4C-11E8-A8D1-00900BC83821}\\DefaultObjectStore\\LruList\\000000000000116A\\ObjectLru","Pid":"824","Tid":"1208","Time":"2018-11-30 09:59:21"}
{"Action":"R5","Data":"6A11000000000000","DataType":"11","Key":"\\REGISTRY\\A\\{C764D76C-EE4C-11E8-A8D1-00900BC83821}\\DefaultObjectStore\\ObjectTable\\4D0\\_ObjectLru_","Pid":"824","Tid":"1208","Time":"2018-11-30 09:59:21"}
{"Action":"R5","Data":"443C000000000100","DataType":"11","Key":"\\REGISTRY\\A\\{C764D76C-EE4C-11E8-A8D1-00900BC83821}\\DefaultObjectStore\\ObjectTable\\4D0\\_FileId_","Pid":"824","Tid":"1208","Time":"2018-11-30 09:59:21"}
{"Action":"R5","Data":"0000000000000000","DataType":"11","Key":"\\REGISTRY\\A\\{C764D76C-EE4C-11E8-A8D1-00900BC83821}\\DefaultObjectStore\\ObjectTable\\4D0\\_Usn_","Pid":"824","Tid":"1208","Time":"2018-11-30 09:59:21"}
{"Action":"R5","Data":"30E1B4625CFBD201","DataType":"11","Key":"\\REGISTRY\\A\\{C764D76C-EE4C-11E8-A8D1-00900BC83821}\\DefaultObjectStore\\ObjectTable\\4D0\\_UsnJournalId_","Pid":"824","Tid":"1208","Time":"2018-11-30 09:59:21"}
{"Action":"R1","Key":"\\REGISTRY\\A\\{C764D76C-EE4C-11E8-A8D1-00900BC83821}\\DefaultObjectStore\\IndexTable\\FileIdIndex-{8eed281a-674f-11e7-a13a-806e6f6e6963}\\1000000003C44","Pid":"824","Tid":"1208","Time":"2018-11-30 09:59:21"}
{"Action":"R1","Key":"\\REGISTRY\\A\\{C764D76C-EE4C-11E8-A8D1-00900BC83821}\\DefaultObjectStore\\IndexTable\\FileIdIndex-{8eed281a-674f-11e7-a13a-806e6f6e6963}\\1000000003C44","Pid":"824","Tid":"1208","Time":"2018-11-30 09:59:21"}
{"Action":"R1","Key":"\\REGISTRY\\A\\{C764D76C-EE4C-11E8-A8D1-00900BC83821}\\DefaultObjectStore\\ObjectTable\\4D0\\Indexes","Pid":"824","Tid":"1208","Time":"2018-11-30 09:59:21"}
{"Action":"R1","Key":"\\REGISTRY\\A\\{C764D76C-EE4C-11E8-A8D1-00900BC83821}\\DefaultObjectStore\\ObjectTable\\4D0\\Indexes","Pid":"824","Tid":"1208","Time":"2018-11-30 09:59:21"}
{"Action":"R1","Key":"\\REGISTRY\\A\\{C764D76C-EE4C-11E8-A8D1-00900BC83821}\\DefaultObjectStore\\ObjectTable\\4D0\\Indexes\\FileIdIndex-{8eed281a-674f-11e7-a13a-806e6f6e6963}","Pid":"824","Tid":"1208","Time":"2018-11-30 09:59:21"}
{"Action":"R1","Key":"\\REGISTRY\\A\\{C764D76C-EE4C-11E8-A8D1-00900BC83821}\\DefaultObjectStore\\ObjectTable\\4D0\\Indexes\\FileIdIndex-{8eed281a-674f-11e7-a13a-806e6f6e6963}","Pid":"824","Tid":"1208","Time":"2018-11-30 09:59:21"}
{"Action":"R5","Data":"443C000000000100","DataType":"11","Key":"\\REGISTRY\\A\\{C764D76C-EE4C-11E8-A8D1-00900BC83821}\\DefaultObjectStore\\ObjectTable\\4D0\\Indexes\\FileIdIndex-{8eed281a-674f-11e7-a13a-806e6f6e6963}\\1000000003C44","Pid":"824","Tid":"1208","Time":"2018-11-30 09:59:21"}
{"Action":"R5","Data":"D004000000000000","DataType":"11","Key":"\\REGISTRY\\A\\{C764D76C-EE4C-11E8-A8D1-00900BC83821}\\DefaultObjectStore\\IndexTable\\FileIdIndex-{8eed281a-674f-11e7-a13a-806e6f6e6963}\\1000000003C44\\4D0","Pid":"824","Tid":"1208","Time":"2018-11-30 09:59:21"}
{"Action":"R5","Data":"300030003000300038006300350062006200350036006400370035006300660062006200610035006400340034003800330039003800620032003100340063003600310063003800340030003900320063003200350063000000","DataType":"3","Key":"\\REGISTRY\\A\\{C764D76C-EE4C-11E8-A8D1-00900BC83821}\\DefaultObjectStore\\ObjectTable\\4D0\\AeFileID","Pid":"824","Tid":"1208","Time":"2018-11-30 09:59:21"}
{"Action":"R5","Data":"300030003000300064006100330039006100330065006500350065003600620034006200300064003300320035003500620066006500660039003500360030003100380039003000610066006400380030003700300039000000","DataType":"3","Key":"\\REGISTRY\\A\\{C764D76C-EE4C-11E8-A8D1-00900BC83821}\\DefaultObjectStore\\ObjectTable\\4D0\\AeProgramID","Pid":"824","Tid":"1208","Time":"2018-11-30 09:59:21"}
{"Action":"R1","Key":"HKLM\\SYSTEM\\ControlSet001\\Control\\DeviceClasses","Pid":"576","Tid":"612","Time":"2018-11-30 09:59:21"}
{"Action":"R1","Key":"HKLM\\SYSTEM\\ControlSet001\\Control\\DeviceClasses","Pid":"576","Tid":"612","Time":"2018-11-30 09:59:21"}
{"Action":"R1","Key":"HKLM\\SYSTEM\\ControlSet001\\Control\\DeviceClasses","Pid":"576","Tid":"612","Time":"2018-11-30 09:59:21"}
{"Action":"R1","Key":"HKLM\\SYSTEM\\ControlSet001\\Control\\DeviceClasses","Pid":"576","Tid":"868","Time":"2018-11-30 09:59:21"}
{"Action":"R1","Key":"HKLM\\SYSTEM\\ControlSet001\\Control\\DeviceClasses","Pid":"576","Tid":"868","Time":"2018-11-30 09:59:21"}
{"Action":"R1","Key":"HKLM\\SYSTEM\\ControlSet001\\Control\\DeviceClasses","Pid":"576","Tid":"868","Time":"2018-11-30 09:59:21"}
{"Action":"R1","Key":"HKLM\\SYSTEM\\ControlSet001\\Control\\DeviceClasses","Pid":"576","Tid":"868","Time":"2018-11-30 09:59:22"}
{"Action":"R1","Key":"HKLM\\SYSTEM\\ControlSet001\\Control\\DeviceClasses","Pid":"576","Tid":"868","Time":"2018-11-30 09:59:22"}
{"Action":"R1","Key":"HKLM\\SYSTEM\\ControlSet001\\Control\\DeviceClasses","Pid":"576","Tid":"868","Time":"2018-11-30 09:59:22"}
{"Action":"R1","Key":"HKLM\\SYSTEM\\ControlSet001\\Control\\DeviceClasses","Pid":"576","Tid":"868","Time":"2018-11-30 09:59:22"}
{"Action":"R1","Key":"HKLM\\SYSTEM\\ControlSet001\\Control\\DeviceClasses","Pid":"576","Tid":"868","Time":"2018-11-30 09:59:22"}
{"Action":"R1","Key":"HKLM\\SYSTEM\\ControlSet001\\Control\\DeviceClasses","Pid":"576","Tid":"868","Time":"2018-11-30 09:59:22"}
{"Action":"R1","Key":"HKLM\\SYSTEM\\ControlSet001\\Control\\DeviceClasses","Pid":"576","Tid":"868","Time":"2018-11-30 09:59:22"}
{"Action":"R1","Key":"HKLM\\SYSTEM\\ControlSet001\\Control\\DeviceClasses","Pid":"576","Tid":"868","Time":"2018-11-30 09:59:22"}
{"Action":"R1","Key":"HKLM\\SYSTEM\\ControlSet001\\Control\\DeviceClasses","Pid":"576","Tid":"868","Time":"2018-11-30 09:59:22"}
{"Action":"R1","Key":"HKLM\\SYSTEM\\ControlSet001\\Control\\DeviceClasses","Pid":"576","Tid":"868","Time":"2018-11-30 09:59:22"}
{"Action":"R1","Key":"HKLM\\SYSTEM\\ControlSet001\\Control\\DeviceClasses","Pid":"576","Tid":"868","Time":"2018-11-30 09:59:22"}
{"Action":"R1","Key":"HKLM\\SYSTEM\\ControlSet001\\Control\\DeviceClasses","Pid":"576","Tid":"868","Time":"2018-11-30 09:59:22"}
{"Action":"R1","Key":"HKLM\\SYSTEM\\ControlSet001\\Control\\DeviceClasses","Pid":"576","Tid":"868","Time":"2018-11-30 09:59:22"}
{"Action":"R1","Key":"HKLM\\SYSTEM\\ControlSet001\\Control\\DeviceClasses","Pid":"576","Tid":"868","Time":"2018-11-30 09:59:22"}
{"Action":"R1","Key":"HKLM\\SYSTEM\\ControlSet001\\Control\\DeviceClasses","Pid":"576","Tid":"868","Time":"2018-11-30 09:59:22"}
{"Action":"R1","Key":"HKLM\\SYSTEM\\ControlSet001\\Control\\DeviceClasses","Pid":"576","Tid":"868","Time":"2018-11-30 09:59:22"}
{"Action":"R1","Key":"HKLM\\SYSTEM\\ControlSet001\\Control\\DeviceClasses","Pid":"576","Tid":"868","Time":"2018-11-30 09:59:22"}
{"Action":"R1","Key":"HKLM\\SYSTEM\\ControlSet001\\Control\\DeviceClasses","Pid":"576","Tid":"868","Time":"2018-11-30 09:59:22"}
{"Action":"R1","Key":"HKLM\\SYSTEM\\ControlSet001\\Control\\DeviceClasses","Pid":"576","Tid":"868","Time":"2018-11-30 09:59:22"}
{"Action":"R1","Key":"HKLM\\SYSTEM\\ControlSet001\\Control\\DeviceClasses","Pid":"576","Tid":"868","Time":"2018-11-30 09:59:22"}
{"Action":"R1","Key":"HKLM\\SYSTEM\\ControlSet001\\Control\\DeviceClasses","Pid":"576","Tid":"868","Time":"2018-11-30 09:59:22"}
{"Action":"R1","Key":"HKLM\\SYSTEM\\ControlSet001\\Control\\DeviceClasses","Pid":"576","Tid":"868","Time":"2018-11-30 09:59:22"}
{"Action":"R1","Key":"HKLM\\SYSTEM\\ControlSet001\\Control\\DeviceClasses","Pid":"576","Tid":"868","Time":"2018-11-30 09:59:22"}
{"Action":"R1","Key":"HKLM\\SYSTEM\\ControlSet001\\Control\\DeviceClasses","Pid":"576","Tid":"868","Time":"2018-11-30 09:59:22"}
{"Action":"R1","Key":"HKLM\\SYSTEM\\ControlSet001\\Control\\DeviceClasses","Pid":"576","Tid":"868","Time":"2018-11-30 09:59:22"}
{"Action":"R1","Key":"HKLM\\SYSTEM\\ControlSet001\\Control\\DeviceClasses","Pid":"576","Tid":"868","Time":"2018-11-30 09:59:22"}
{"Action":"R1","Key":"HKLM\\SYSTEM\\ControlSet001\\Control\\DeviceClasses","Pid":"576","Tid":"868","Time":"2018-11-30 09:59:22"}
{"Action":"R1","Key":"HKLM\\SYSTEM\\ControlSet001\\Control\\DeviceClasses","Pid":"576","Tid":"868","Time":"2018-11-30 09:59:22"}
{"Action":"R1","Key":"HKLM\\SYSTEM\\ControlSet001\\Control\\DeviceClasses","Pid":"576","Tid":"868","Time":"2018-11-30 09:59:22"}
{"Action":"R1","Key":"HKLM\\SYSTEM\\ControlSet001\\Control\\DeviceClasses","Pid":"576","Tid":"868","Time":"2018-11-30 09:59:22"}
{"Action":"R1","Key":"HKLM\\SYSTEM\\ControlSet001\\Control\\DeviceClasses","Pid":"576","Tid":"868","Time":"2018-11-30 09:59:22"}
{"Action":"R1","Key":"HKLM\\SYSTEM\\ControlSet001\\Control\\DeviceClasses","Pid":"576","Tid":"868","Time":"2018-11-30 09:59:22"}
{"Action":"R1","Key":"HKLM\\SYSTEM\\ControlSet001\\Control\\DeviceClasses","Pid":"576","Tid":"868","Time":"2018-11-30 09:59:22"}
{"Action":"R1","Key":"HKLM\\SYSTEM\\ControlSet001\\Control\\DeviceClasses","Pid":"576","Tid":"868","Time":"2018-11-30 09:59:22"}
{"Action":"R1","Key":"HKLM\\SYSTEM\\ControlSet001\\Control\\DeviceClasses","Pid":"576","Tid":"868","Time":"2018-11-30 09:59:22"}
{"Action":"R1","Key":"HKLM\\SYSTEM\\ControlSet001\\Control\\DeviceClasses","Pid":"576","Tid":"868","Time":"2018-11-30 09:59:22"}
{"Action":"DE","Output":"ProcessDel: Pid(2112) Name(C:\\Program Files (x86)\\Windows Media Player\\wmplayer.exe)","Pid":"2112","Tid":"0","Time":"2018-11-30 09:59:22"}
{"Action":"DE","Output":"DelTarget: Pid(2112), Name(C:\\Program Files (x86)\\Windows Media Player\\wmplayer.exe)","Pid":"2112","Tid":"0","Time":"2018-11-30 09:59:22"}
{"Action":"F6","Bak":"","FilePath":"%SYSTEMROOT%\\System32\\winevt\\Logs\\System.evtx","FileType":"","MD5":"","Pid":"748","Size":"0","Tid":"772","Time":"2018-11-30 09:59:25"}
{"Action":"DE","Output":"ProcessDel: Pid(2468) Name(C:\\Windows\\System32\\SearchProtocolHost.exe)","Pid":"2468","Tid":"0","Time":"2018-11-30 09:59:26"}
{"Action":"DE","Output":"ProcessAdd(0): Pid(2780) Name(C:\\Windows\\SysWOW64\\calc.exe)","Pid":"2780","Tid":"0","Time":"2018-11-30 09:59:43"}
{"Action":"DE","Output":"NonTarget: reason(OnCreateProcess), PPid( 740), Pid(2780) GetCommandLine(calc.exe)","Pid":"2780","Tid":"0","Time":"2018-11-30 09:59:43"}
{"Action":"DE","Output":"ProcessAdd(0): Pid(2276) Name(C:\\Windows\\SysWOW64\\notepad.exe)","Pid":"2276","Tid":"0","Time":"2018-11-30 09:59:44"}
{"Action":"DE","Output":"NonTarget: reason(OnCreateProcess), PPid( 740), Pid(2276) GetCommandLine(Notepad.exe)","Pid":"2276","Tid":"0","Time":"2018-11-30 09:59:44"}
{"Action":"DE","Output":"ProcessDel: Pid(2780) Name(C:\\Windows\\SysWOW64\\calc.exe)","Pid":"2780","Tid":"0","Time":"2018-11-30 09:59:49"}
{"Action":"DE","Output":"ProcessDel: Pid(2276) Name(C:\\Windows\\SysWOW64\\notepad.exe)","Pid":"2276","Tid":"0","Time":"2018-11-30 09:59:49"}
{"Action":"F6","Bak":"","FilePath":"%SYSTEMROOT%\\ServiceProfiles\\LocalService\\AppData\\Local\\lastalive1.dat","FileType":"","MD5":"","Pid":"748","Size":"0","Tid":"796","Time":"2018-11-30 10:00:09"}
{"Action":"DE","Output":"ProcessAdd(0): Pid(2676) Name(C:\\Windows\\SysWOW64\\calc.exe)","Pid":"2676","Tid":"0","Time":"2018-11-30 10:00:13"}
{"Action":"DE","Output":"NonTarget: reason(OnCreateProcess), PPid( 740), Pid(2676) GetCommandLine(calc.exe)","Pid":"2676","Tid":"0","Time":"2018-11-30 10:00:13"}
{"Action":"DE","Output":"ProcessAdd(0): Pid(2836) Name(C:\\Windows\\SysWOW64\\notepad.exe)","Pid":"2836","Tid":"0","Time":"2018-11-30 10:00:13"}
{"Action":"DE","Output":"NonTarget: reason(OnCreateProcess), PPid( 740), Pid(2836) GetCommandLine(Notepad.exe)","Pid":"2836","Tid":"0","Time":"2018-11-30 10:00:13"}
{"Action":"DE","Output":"ProcessAdd(0): Pid(2664) Name(C:\\Windows\\Microsoft.NET\\Framework\\v4.0.30319\\mscorsvw.exe)","Pid":"2664","Tid":"0","Time":"2018-11-30 10:00:14"}
{"Action":"DE","Output":"NonTarget: reason(OnCreateProcess), PPid( 444), Pid(2664) GetCommandLine(C:\\Windows\\Microsoft.NET\\Framework\\v4.0.30319\\mscorsvw.exe)","Pid":"2664","Tid":"0","Time":"2018-11-30 10:00:14"}
{"Action":"DE","Output":"ProcessDel: Pid(2664) Name(C:\\Windows\\Microsoft.NET\\Framework\\v4.0.30319\\mscorsvw.exe)","Pid":"2664","Tid":"0","Time":"2018-11-30 10:00:14"}
{"Action":"DE","Output":"ProcessAdd(0): Pid(1768) Name(C:\\Windows\\Microsoft.NET\\Framework64\\v4.0.30319\\mscorsvw.exe)","Pid":"1768","Tid":"0","Time":"2018-11-30 10:00:14"}
{"Action":"DE","Output":"NonTarget: reason(OnCreateProcess), PPid( 444), Pid(1768) GetCommandLine(C:\\Windows\\Microsoft.NET\\Framework64\\v4.0.30319\\mscorsvw.exe)","Pid":"1768","Tid":"0","Time":"2018-11-30 10:00:14"}
{"Action":"DE","Output":"ProcessDel: Pid(1768) Name(C:\\Windows\\Microsoft.NET\\Framework64\\v4.0.30319\\mscorsvw.exe)","Pid":"1768","Tid":"0","Time":"2018-11-30 10:00:14"}
{"Action":"DE","Output":"ProcessAdd(0): Pid(1168) Name(C:\\Windows\\System32\\svchost.exe)","Pid":"1168","Tid":"0","Time":"2018-11-30 10:00:14"}
{"Action":"DE","Output":"NonTarget: reason(OnCreateProcess), PPid( 444), Pid(1168) GetCommandLine(C:\\Windows\\system32\\svchost.exe -k LocalServiceAndNoImpersonation)","Pid":"1168","Tid":"0","Time":"2018-11-30 10:00:14"}
{"Action":"DE","Output":"ProcessAdd(0): Pid(1412) Name(C:\\Windows\\System32\\sppsvc.exe)","Pid":"1412","Tid":"0","Time":"2018-11-30 10:00:14"}
{"Action":"DE","Output":"NonTarget: reason(OnCreateProcess), PPid( 444), Pid(1412) GetCommandLine(C:\\Windows\\system32\\sppsvc.exe)","Pid":"1412","Tid":"0","Time":"2018-11-30 10:00:14"}
{"Action":"R1","Key":"HKLM\\SOFTWARE\\Microsoft\\Security Center\\Svc\\Vol","Pid":"748","Tid":"1884","Time":"2018-11-30 10:00:14"}
{"Action":"R1","Key":"HKLM\\SOFTWARE\\Microsoft\\Security Center\\Svc\\Vol","Pid":"748","Tid":"1884","Time":"2018-11-30 10:00:14"}
{"Action":"R1","Key":"HKLM\\SOFTWARE\\Microsoft\\Security Center","Pid":"748","Tid":"1884","Time":"2018-11-30 10:00:14"}
{"Action":"R1","Key":"HKLM\\SOFTWARE\\Microsoft\\Security Center","Pid":"748","Tid":"1884","Time":"2018-11-30 10:00:14"}
{"Action":"R5","Data":"0","DataType":"4","Key":"HKLM\\SOFTWARE\\Microsoft\\Security Center\\cval","Pid":"748","Tid":"1884","Time":"2018-11-30 10:00:14"}
{"Action":"R1","Key":"HKLM\\SOFTWARE\\Microsoft\\Security Center\\Svc","Pid":"748","Tid":"1884","Time":"2018-11-30 10:00:14"}
{"Action":"R1","Key":"HKLM\\SOFTWARE\\Microsoft\\Security Center\\Svc","Pid":"748","Tid":"1884","Time":"2018-11-30 10:00:14"}
{"Action":"R1","Key":"HKLM\\SOFTWARE\\Microsoft\\Security Center\\Svc","Pid":"748","Tid":"1884","Time":"2018-11-30 10:00:14"}
{"Action":"R1","Key":"HKLM\\SOFTWARE\\Microsoft\\Security Center\\Svc","Pid":"748","Tid":"1884","Time":"2018-11-30 10:00:14"}
{"Action":"R5","Data":"0","DataType":"4","Key":"HKLM\\SOFTWARE\\Microsoft\\Security Center\\Svc\\AntiVirusOverride","Pid":"748","Tid":"1884","Time":"2018-11-30 10:00:14"}
{"Action":"R5","Data":"0","DataType":"4","Key":"HKLM\\SOFTWARE\\Microsoft\\Security Center\\Svc\\AntiSpywareOverride","Pid":"748","Tid":"1884","Time":"2018-11-30 10:00:14"}
{"Action":"R5","Data":"0","DataType":"4","Key":"HKLM\\SOFTWARE\\Microsoft\\Security Center\\Svc\\FirewallOverride","Pid":"748","Tid":"1884","Time":"2018-11-30 10:00:14"}
{"Action":"R1","Key":"HKLM\\SOFTWARE\\Microsoft\\Security Center\\Svc","Pid":"748","Tid":"1884","Time":"2018-11-30 10:00:14"}
{"Action":"R1","Key":"HKLM\\SOFTWARE\\Microsoft\\Security Center\\Svc","Pid":"748","Tid":"1884","Time":"2018-11-30 10:00:14"}
{"Action":"R5","Data":"0","DataType":"4","Key":"HKLM\\SOFTWARE\\Microsoft\\Security Center\\Svc\\AntiVirusOverride","Pid":"748","Tid":"1884","Time":"2018-11-30 10:00:14"}
{"Action":"R5","Data":"0","DataType":"4","Key":"HKLM\\SOFTWARE\\Microsoft\\Security Center\\Svc\\AntiSpywareOverride","Pid":"748","Tid":"1884","Time":"2018-11-30 10:00:14"}
{"Action":"R5","Data":"0","DataType":"4","Key":"HKLM\\SOFTWARE\\Microsoft\\Security Center\\Svc\\FirewallOverride","Pid":"748","Tid":"1884","Time":"2018-11-30 10:00:14"}
{"Action":"R1","Key":"HKLM\\SOFTWARE\\Microsoft\\Security Center\\Svc","Pid":"748","Tid":"1884","Time":"2018-11-30 10:00:14"}
{"Action":"R1","Key":"HKLM\\SOFTWARE\\Microsoft\\Security Center\\Svc","Pid":"748","Tid":"1884","Time":"2018-11-30 10:00:14"}
{"Action":"R5","Data":"0","DataType":"4","Key":"HKLM\\SOFTWARE\\Microsoft\\Security Center\\Svc\\AntiVirusOverride","Pid":"748","Tid":"1884","Time":"2018-11-30 10:00:14"}
{"Action":"R5","Data":"0","DataType":"4","Key":"HKLM\\SOFTWARE\\Microsoft\\Security Center\\Svc\\AntiSpywareOverride","Pid":"748","Tid":"1884","Time":"2018-11-30 10:00:14"}
{"Action":"R5","Data":"0","DataType":"4","Key":"HKLM\\SOFTWARE\\Microsoft\\Security Center\\Svc\\FirewallOverride","Pid":"748","Tid":"1884","Time":"2018-11-30 10:00:14"}
{"Action":"R1","Key":"HKLM\\Software\\Microsoft\\WBEM\\CIMOM","Pid":"748","Tid":"1884","Time":"2018-11-30 10:00:14"}
{"Action":"R1","Key":"HKLM\\Software","Pid":"748","Tid":"1884","Time":"2018-11-30 10:00:14"}
{"Action":"R1","Key":"HKLM\\SOFTWARE","Pid":"748","Tid":"1884","Time":"2018-11-30 10:00:14"}
{"Action":"R1","Key":"HKLM\\SOFTWARE\\Microsoft","Pid":"748","Tid":"1884","Time":"2018-11-30 10:00:14"}
{"Action":"R1","Key":"HKLM\\SOFTWARE\\Microsoft","Pid":"748","Tid":"1884","Time":"2018-11-30 10:00:14"}
{"Action":"R1","Key":"HKLM\\SOFTWARE\\Microsoft\\WBEM","Pid":"748","Tid":"1884","Time":"2018-11-30 10:00:14"}
{"Action":"R1","Key":"HKLM\\SOFTWARE\\Microsoft\\WBEM","Pid":"748","Tid":"1884","Time":"2018-11-30 10:00:14"}
{"Action":"R1","Key":"HKLM\\SOFTWARE\\Microsoft\\WBEM\\CIMOM","Pid":"748","Tid":"1884","Time":"2018-11-30 10:00:14"}
{"Action":"R1","Key":"HKLM\\Software\\Microsoft\\WBEM\\CIMOM","Pid":"748","Tid":"1884","Time":"2018-11-30 10:00:14"}
{"Action":"R1","Key":"HKLM\\Software","Pid":"748","Tid":"1884","Time":"2018-11-30 10:00:14"}
{"Action":"R1","Key":"HKLM\\SOFTWARE","Pid":"748","Tid":"1884","Time":"2018-11-30 10:00:14"}
{"Action":"R1","Key":"HKLM\\SOFTWARE\\Microsoft","Pid":"748","Tid":"1884","Time":"2018-11-30 10:00:14"}
{"Action":"R1","Key":"HKLM\\SOFTWARE\\Microsoft","Pid":"748","Tid":"1884","Time":"2018-11-30 10:00:14"}
{"Action":"R1","Key":"HKLM\\SOFTWARE\\Microsoft\\WBEM","Pid":"748","Tid":"1884","Time":"2018-11-30 10:00:14"}
{"Action":"R1","Key":"HKLM\\SOFTWARE\\Microsoft\\WBEM","Pid":"748","Tid":"1884","Time":"2018-11-30 10:00:14"}
{"Action":"R1","Key":"HKLM\\SOFTWARE\\Microsoft\\WBEM\\CIMOM","Pid":"748","Tid":"1884","Time":"2018-11-30 10:00:14"}
{"Action":"P33","FilePath":"%SYSTEMROOT%\\System32\\svchost.exe","Pid":"824","Privileges":"SeAssignPrimaryTokenPrivilege,SeLockMemoryPrivilege,SeIncreaseQuotaPrivilege,SeTcbPrivilege,SeSecurityPrivilege,SeTakeOwnershipPrivilege,SeLoadDriverPrivilege,SeSystemProfilePrivilege,SeSystemtimePrivilege,SeProfileSingleProcessPrivilege,SeIncreaseBasePriorityPrivilege,SeCreatePagefilePrivilege,SeCreatePermanentPrivilege,SeBackupPrivilege,SeRestorePrivilege,SeShutdownPrivilege,SeDebugPrivilege,SeAuditPrivilege,SeSystemEnvironmentPrivilege,SeChangeNotifyPrivilege,SeUndockPrivilege,SeManageVolumePrivilege,SeImpersonatePrivilege,SeCreateGlobalPrivilege,SeIncreaseWorkingSetPrivilege,SeTimeZonePrivilege,SeCreateSymbolicLinkPrivilege,","Tid":"1116","Time":"2018-11-30 10:00:14"}
{"Action":"P33","FilePath":"%SYSTEMROOT%\\System32\\svchost.exe","Pid":"824","Privileges":"SeAssignPrimaryTokenPrivilege,SeLockMemoryPrivilege,SeIncreaseQuotaPrivilege,SeTcbPrivilege,SeSecurityPrivilege,SeTakeOwnershipPrivilege,SeLoadDriverPrivilege,SeSystemProfilePrivilege,SeSystemtimePrivilege,SeProfileSingleProcessPrivilege,SeIncreaseBasePriorityPrivilege,SeCreatePagefilePrivilege,SeCreatePermanentPrivilege,SeBackupPrivilege,SeRestorePrivilege,SeShutdownPrivilege,SeDebugPrivilege,SeAuditPrivilege,SeSystemEnvironmentPrivilege,SeChangeNotifyPrivilege,SeUndockPrivilege,SeManageVolumePrivilege,SeImpersonatePrivilege,SeCreateGlobalPrivilege,SeIncreaseWorkingSetPrivilege,SeTimeZonePrivilege,SeCreateSymbolicLinkPrivilege,","Tid":"1116","Time":"2018-11-30 10:00:14"}
{"Action":"P33","FilePath":"%SYSTEMROOT%\\System32\\svchost.exe","Pid":"824","Privileges":"SeAssignPrimaryTokenPrivilege,SeLockMemoryPrivilege,SeIncreaseQuotaPrivilege,SeTcbPrivilege,SeSecurityPrivilege,SeTakeOwnershipPrivilege,SeLoadDriverPrivilege,SeSystemProfilePrivilege,SeSystemtimePrivilege,SeProfileSingleProcessPrivilege,SeIncreaseBasePriorityPrivilege,SeCreatePagefilePrivilege,SeCreatePermanentPrivilege,SeBackupPrivilege,SeRestorePrivilege,SeShutdownPrivilege,SeDebugPrivilege,SeAuditPrivilege,SeSystemEnvironmentPrivilege,SeChangeNotifyPrivilege,SeUndockPrivilege,SeManageVolumePrivilege,SeImpersonatePrivilege,SeCreateGlobalPrivilege,SeIncreaseWorkingSetPrivilege,SeTimeZonePrivilege,SeCreateSymbolicLinkPrivilege,","Tid":"1116","Time":"2018-11-30 10:00:14"}
{"Action":"P33","FilePath":"%SYSTEMROOT%\\System32\\svchost.exe","Pid":"824","Privileges":"SeAssignPrimaryTokenPrivilege,SeLockMemoryPrivilege,SeIncreaseQuotaPrivilege,SeTcbPrivilege,SeSecurityPrivilege,SeTakeOwnershipPrivilege,SeLoadDriverPrivilege,SeSystemProfilePrivilege,SeSystemtimePrivilege,SeProfileSingleProcessPrivilege,SeIncreaseBasePriorityPrivilege,SeCreatePagefilePrivilege,SeCreatePermanentPrivilege,SeBackupPrivilege,SeRestorePrivilege,SeShutdownPrivilege,SeDebugPrivilege,SeAuditPrivilege,SeSystemEnvironmentPrivilege,SeChangeNotifyPrivilege,SeUndockPrivilege,SeManageVolumePrivilege,SeImpersonatePrivilege,SeCreateGlobalPrivilege,SeIncreaseWorkingSetPrivilege,SeTimeZonePrivilege,SeCreateSymbolicLinkPrivilege,","Tid":"1116","Time":"2018-11-30 10:00:14"}
{"Action":"P33","FilePath":"%SYSTEMROOT%\\System32\\svchost.exe","Pid":"824","Privileges":"SeAssignPrimaryTokenPrivilege,SeLockMemoryPrivilege,SeIncreaseQuotaPrivilege,SeTcbPrivilege,SeSecurityPrivilege,SeTakeOwnershipPrivilege,SeLoadDriverPrivilege,SeSystemProfilePrivilege,SeSystemtimePrivilege,SeProfileSingleProcessPrivilege,SeIncreaseBasePriorityPrivilege,SeCreatePagefilePrivilege,SeCreatePermanentPrivilege,SeBackupPrivilege,SeRestorePrivilege,SeShutdownPrivilege,SeDebugPrivilege,SeAuditPrivilege,SeSystemEnvironmentPrivilege,SeChangeNotifyPrivilege,SeUndockPrivilege,SeManageVolumePrivilege,SeImpersonatePrivilege,SeCreateGlobalPrivilege,SeIncreaseWorkingSetPrivilege,SeTimeZonePrivilege,SeCreateSymbolicLinkPrivilege,","Tid":"1116","Time":"2018-11-30 10:00:14"}
{"Action":"P33","FilePath":"%SYSTEMROOT%\\System32\\svchost.exe","Pid":"824","Privileges":"SeAssignPrimaryTokenPrivilege,SeLockMemoryPrivilege,SeIncreaseQuotaPrivilege,SeTcbPrivilege,SeSecurityPrivilege,SeTakeOwnershipPrivilege,SeLoadDriverPrivilege,SeSystemProfilePrivilege,SeSystemtimePrivilege,SeProfileSingleProcessPrivilege,SeIncreaseBasePriorityPrivilege,SeCreatePagefilePrivilege,SeCreatePermanentPrivilege,SeBackupPrivilege,SeRestorePrivilege,SeShutdownPrivilege,SeDebugPrivilege,SeAuditPrivilege,SeSystemEnvironmentPrivilege,SeChangeNotifyPrivilege,SeUndockPrivilege,SeManageVolumePrivilege,SeImpersonatePrivilege,SeCreateGlobalPrivilege,SeIncreaseWorkingSetPrivilege,SeTimeZonePrivilege,SeCreateSymbolicLinkPrivilege,","Tid":"1116","Time":"2018-11-30 10:00:14"}
{"Action":"P33","FilePath":"%SYSTEMROOT%\\System32\\svchost.exe","Pid":"824","Privileges":"SeAssignPrimaryTokenPrivilege,SeLockMemoryPrivilege,SeIncreaseQuotaPrivilege,SeTcbPrivilege,SeSecurityPrivilege,SeTakeOwnershipPrivilege,SeLoadDriverPrivilege,SeSystemProfilePrivilege,SeSystemtimePrivilege,SeProfileSingleProcessPrivilege,SeIncreaseBasePriorityPrivilege,SeCreatePagefilePrivilege,SeCreatePermanentPrivilege,SeBackupPrivilege,SeRestorePrivilege,SeShutdownPrivilege,SeDebugPrivilege,SeAuditPrivilege,SeSystemEnvironmentPrivilege,SeChangeNotifyPrivilege,SeUndockPrivilege,SeManageVolumePrivilege,SeImpersonatePrivilege,SeCreateGlobalPrivilege,SeIncreaseWorkingSetPrivilege,SeTimeZonePrivilege,SeCreateSymbolicLinkPrivilege,","Tid":"1116","Time":"2018-11-30 10:00:14"}
{"Action":"P33","FilePath":"%SYSTEMROOT%\\System32\\svchost.exe","Pid":"824","Privileges":"SeAssignPrimaryTokenPrivilege,SeLockMemoryPrivilege,SeIncreaseQuotaPrivilege,SeTcbPrivilege,SeSecurityPrivilege,SeTakeOwnershipPrivilege,SeLoadDriverPrivilege,SeSystemProfilePrivilege,SeSystemtimePrivilege,SeProfileSingleProcessPrivilege,SeIncreaseBasePriorityPrivilege,SeCreatePagefilePrivilege,SeCreatePermanentPrivilege,SeBackupPrivilege,SeRestorePrivilege,SeShutdownPrivilege,SeDebugPrivilege,SeAuditPrivilege,SeSystemEnvironmentPrivilege,SeChangeNotifyPrivilege,SeUndockPrivilege,SeManageVolumePrivilege,SeImpersonatePrivilege,SeCreateGlobalPrivilege,SeIncreaseWorkingSetPrivilege,SeTimeZonePrivilege,SeCreateSymbolicLinkPrivilege,","Tid":"1116","Time":"2018-11-30 10:00:14"}
{"Action":"P33","FilePath":"%SYSTEMROOT%\\System32\\svchost.exe","Pid":"824","Privileges":"SeAssignPrimaryTokenPrivilege,SeLockMemoryPrivilege,SeIncreaseQuotaPrivilege,SeTcbPrivilege,SeSecurityPrivilege,SeTakeOwnershipPrivilege,SeLoadDriverPrivilege,SeSystemProfilePrivilege,SeSystemtimePrivilege,SeProfileSingleProcessPrivilege,SeIncreaseBasePriorityPrivilege,SeCreatePagefilePrivilege,SeCreatePermanentPrivilege,SeBackupPrivilege,SeRestorePrivilege,SeShutdownPrivilege,SeDebugPrivilege,SeAuditPrivilege,SeSystemEnvironmentPrivilege,SeChangeNotifyPrivilege,SeUndockPrivilege,SeManageVolumePrivilege,SeImpersonatePrivilege,SeCreateGlobalPrivilege,SeIncreaseWorkingSetPrivilege,SeTimeZonePrivilege,SeCreateSymbolicLinkPrivilege,","Tid":"1116","Time":"2018-11-30 10:00:14"}
{"Action":"P33","FilePath":"%SYSTEMROOT%\\System32\\svchost.exe","Pid":"824","Privileges":"SeAssignPrimaryTokenPrivilege,SeLockMemoryPrivilege,SeIncreaseQuotaPrivilege,SeTcbPrivilege,SeSecurityPrivilege,SeTakeOwnershipPrivilege,SeLoadDriverPrivilege,SeSystemProfilePrivilege,SeSystemtimePrivilege,SeProfileSingleProcessPrivilege,SeIncreaseBasePriorityPrivilege,SeCreatePagefilePrivilege,SeCreatePermanentPrivilege,SeBackupPrivilege,SeRestorePrivilege,SeShutdownPrivilege,SeDebugPrivilege,SeAuditPrivilege,SeSystemEnvironmentPrivilege,SeChangeNotifyPrivilege,SeUndockPrivilege,SeManageVolumePrivilege,SeImpersonatePrivilege,SeCreateGlobalPrivilege,SeIncreaseWorkingSetPrivilege,SeTimeZonePrivilege,SeCreateSymbolicLinkPrivilege,","Tid":"1228","Time":"2018-11-30 10:00:14"}
{"Action":"P33","FilePath":"%SYSTEMROOT%\\System32\\svchost.exe","Pid":"824","Privileges":"SeAssignPrimaryTokenPrivilege,SeLockMemoryPrivilege,SeIncreaseQuotaPrivilege,SeTcbPrivilege,SeSecurityPrivilege,SeTakeOwnershipPrivilege,SeLoadDriverPrivilege,SeSystemProfilePrivilege,SeSystemtimePrivilege,SeProfileSingleProcessPrivilege,SeIncreaseBasePriorityPrivilege,SeCreatePagefilePrivilege,SeCreatePermanentPrivilege,SeBackupPrivilege,SeRestorePrivilege,SeShutdownPrivilege,SeDebugPrivilege,SeAuditPrivilege,SeSystemEnvironmentPrivilege,SeChangeNotifyPrivilege,SeUndockPrivilege,SeManageVolumePrivilege,SeImpersonatePrivilege,SeCreateGlobalPrivilege,SeIncreaseWorkingSetPrivilege,SeTimeZonePrivilege,SeCreateSymbolicLinkPrivilege,","Tid":"1228","Time":"2018-11-30 10:00:14"}
{"Action":"P33","FilePath":"%SYSTEMROOT%\\System32\\svchost.exe","Pid":"824","Privileges":"SeAssignPrimaryTokenPrivilege,SeLockMemoryPrivilege,SeIncreaseQuotaPrivilege,SeTcbPrivilege,SeSecurityPrivilege,SeTakeOwnershipPrivilege,SeLoadDriverPrivilege,SeSystemProfilePrivilege,SeSystemtimePrivilege,SeProfileSingleProcessPrivilege,SeIncreaseBasePriorityPrivilege,SeCreatePagefilePrivilege,SeCreatePermanentPrivilege,SeBackupPrivilege,SeRestorePrivilege,SeShutdownPrivilege,SeDebugPrivilege,SeAuditPrivilege,SeSystemEnvironmentPrivilege,SeChangeNotifyPrivilege,SeUndockPrivilege,SeManageVolumePrivilege,SeImpersonatePrivilege,SeCreateGlobalPrivilege,SeIncreaseWorkingSetPrivilege,SeTimeZonePrivilege,SeCreateSymbolicLinkPrivilege,","Tid":"1228","Time":"2018-11-30 10:00:14"}
{"Action":"P33","FilePath":"%SYSTEMROOT%\\System32\\svchost.exe","Pid":"824","Privileges":"SeAssignPrimaryTokenPrivilege,SeLockMemoryPrivilege,SeIncreaseQuotaPrivilege,SeTcbPrivilege,SeSecurityPrivilege,SeTakeOwnershipPrivilege,SeLoadDriverPrivilege,SeSystemProfilePrivilege,SeSystemtimePrivilege,SeProfileSingleProcessPrivilege,SeIncreaseBasePriorityPrivilege,SeCreatePagefilePrivilege,SeCreatePermanentPrivilege,SeBackupPrivilege,SeRestorePrivilege,SeShutdownPrivilege,SeDebugPrivilege,SeAuditPrivilege,SeSystemEnvironmentPrivilege,SeChangeNotifyPrivilege,SeUndockPrivilege,SeManageVolumePrivilege,SeImpersonatePrivilege,SeCreateGlobalPrivilege,SeIncreaseWorkingSetPrivilege,SeTimeZonePrivilege,SeCreateSymbolicLinkPrivilege,","Tid":"1228","Time":"2018-11-30 10:00:14"}
{"Action":"P33","FilePath":"%SYSTEMROOT%\\System32\\svchost.exe","Pid":"824","Privileges":"SeAssignPrimaryTokenPrivilege,SeLockMemoryPrivilege,SeIncreaseQuotaPrivilege,SeTcbPrivilege,SeSecurityPrivilege,SeTakeOwnershipPrivilege,SeLoadDriverPrivilege,SeSystemProfilePrivilege,SeSystemtimePrivilege,SeProfileSingleProcessPrivilege,SeIncreaseBasePriorityPrivilege,SeCreatePagefilePrivilege,SeCreatePermanentPrivilege,SeBackupPrivilege,SeRestorePrivilege,SeShutdownPrivilege,SeDebugPrivilege,SeAuditPrivilege,SeSystemEnvironmentPrivilege,SeChangeNotifyPrivilege,SeUndockPrivilege,SeManageVolumePrivilege,SeImpersonatePrivilege,SeCreateGlobalPrivilege,SeIncreaseWorkingSetPrivilege,SeTimeZonePrivilege,SeCreateSymbolicLinkPrivilege,","Tid":"1228","Time":"2018-11-30 10:00:14"}
{"Action":"P33","FilePath":"%SYSTEMROOT%\\System32\\svchost.exe","Pid":"824","Privileges":"SeAssignPrimaryTokenPrivilege,SeLockMemoryPrivilege,SeIncreaseQuotaPrivilege,SeTcbPrivilege,SeSecurityPrivilege,SeTakeOwnershipPrivilege,SeLoadDriverPrivilege,SeSystemProfilePrivilege,SeSystemtimePrivilege,SeProfileSingleProcessPrivilege,SeIncreaseBasePriorityPrivilege,SeCreatePagefilePrivilege,SeCreatePermanentPrivilege,SeBackupPrivilege,SeRestorePrivilege,SeShutdownPrivilege,SeDebugPrivilege,SeAuditPrivilege,SeSystemEnvironmentPrivilege,SeChangeNotifyPrivilege,SeUndockPrivilege,SeManageVolumePrivilege,SeImpersonatePrivilege,SeCreateGlobalPrivilege,SeIncreaseWorkingSetPrivilege,SeTimeZonePrivilege,SeCreateSymbolicLinkPrivilege,","Tid":"1228","Time":"2018-11-30 10:00:14"}
{"Action":"P33","FilePath":"%SYSTEMROOT%\\System32\\svchost.exe","Pid":"824","Privileges":"SeAssignPrimaryTokenPrivilege,SeLockMemoryPrivilege,SeIncreaseQuotaPrivilege,SeTcbPrivilege,SeSecurityPrivilege,SeTakeOwnershipPrivilege,SeLoadDriverPrivilege,SeSystemProfilePrivilege,SeSystemtimePrivilege,SeProfileSingleProcessPrivilege,SeIncreaseBasePriorityPrivilege,SeCreatePagefilePrivilege,SeCreatePermanentPrivilege,SeBackupPrivilege,SeRestorePrivilege,SeShutdownPrivilege,SeDebugPrivilege,SeAuditPrivilege,SeSystemEnvironmentPrivilege,SeChangeNotifyPrivilege,SeUndockPrivilege,SeManageVolumePrivilege,SeImpersonatePrivilege,SeCreateGlobalPrivilege,SeIncreaseWorkingSetPrivilege,SeTimeZonePrivilege,SeCreateSymbolicLinkPrivilege,","Tid":"1228","Time":"2018-11-30 10:00:14"}
{"Action":"P33","FilePath":"%SYSTEMROOT%\\System32\\svchost.exe","Pid":"824","Privileges":"SeAssignPrimaryTokenPrivilege,SeLockMemoryPrivilege,SeIncreaseQuotaPrivilege,SeTcbPrivilege,SeSecurityPrivilege,SeTakeOwnershipPrivilege,SeLoadDriverPrivilege,SeSystemProfilePrivilege,SeSystemtimePrivilege,SeProfileSingleProcessPrivilege,SeIncreaseBasePriorityPrivilege,SeCreatePagefilePrivilege,SeCreatePermanentPrivilege,SeBackupPrivilege,SeRestorePrivilege,SeShutdownPrivilege,SeDebugPrivilege,SeAuditPrivilege,SeSystemEnvironmentPrivilege,SeChangeNotifyPrivilege,SeUndockPrivilege,SeManageVolumePrivilege,SeImpersonatePrivilege,SeCreateGlobalPrivilege,SeIncreaseWorkingSetPrivilege,SeTimeZonePrivilege,SeCreateSymbolicLinkPrivilege,","Tid":"1228","Time":"2018-11-30 10:00:14"}
{"Action":"R1","Key":"HKLM\\SYSTEM\\ControlSet001\\Services\\SharedAccess\\Epoch","Pid":"748","Tid":"924","Time":"2018-11-30 10:00:14"}
{"Action":"R1","Key":"HKLM\\SYSTEM\\ControlSet001\\Services\\SharedAccess\\Epoch","Pid":"748","Tid":"924","Time":"2018-11-30 10:00:14"}
{"Action":"R1","Key":"HKLM\\SYSTEM\\ControlSet001\\services\\SharedAccess\\Epoch","Pid":"748","Tid":"924","Time":"2018-11-30 10:00:14"}
{"Action":"R1","Key":"HKLM\\SOFTWARE\\Microsoft\\Security Center\\Monitoring","Pid":"748","Tid":"1324","Time":"2018-11-30 10:00:14"}
{"Action":"R1","Key":"HKLM\\SOFTWARE\\Microsoft\\Security Center\\Monitoring","Pid":"748","Tid":"1324","Time":"2018-11-30 10:00:14"}
{"Action":"R1","Key":"HKLM\\SOFTWARE\\Microsoft\\Security Center","Pid":"748","Tid":"1884","Time":"2018-11-30 10:00:14"}
{"Action":"R1","Key":"HKLM\\SOFTWARE\\Microsoft\\Security Center","Pid":"748","Tid":"1884","Time":"2018-11-30 10:00:14"}
{"Action":"R5","Data":"1","DataType":"4","Key":"HKLM\\SOFTWARE\\Microsoft\\Security Center\\cval","Pid":"748","Tid":"1884","Time":"2018-11-30 10:00:14"}
{"Action":"R1","Key":"HKLM\\Software\\Microsoft\\Windows\\CurrentVersion\\Policies\\System","Pid":"748","Tid":"1296","Time":"2018-11-30 10:00:14"}
{"Action":"R1","Key":"HKLM\\SOFTWARE\\Microsoft\\Windows\\CurrentVersion\\Policies\\System","Pid":"748","Tid":"1296","Time":"2018-11-30 10:00:14"}
{"Action":"R1","Key":"HKLM\\Software\\Microsoft\\Windows\\CurrentVersion\\Policies\\System","Pid":"748","Tid":"1884","Time":"2018-11-30 10:00:14"}
{"Action":"R1","Key":"HKLM\\SOFTWARE\\Microsoft\\Windows\\CurrentVersion\\Policies\\System","Pid":"748","Tid":"1884","Time":"2018-11-30 10:00:14"}
{"Action":"P46","Name":"Global\\WindowsUpdateTracingMutex","Object":"MutexObject","Pid":"824","Tid":"1072","Time":"2018-11-30 10:00:15"}
{"Action":"R1","Key":"HKLM\\SOFTWARE\\Microsoft\\Windows\\CurrentVersion\\WindowsUpdate\\Services\\Pending\\","Pid":"824","Tid":"1072","Time":"2018-11-30 10:00:15"}
{"Action":"R1","Key":"HKLM\\SOFTWARE\\Microsoft\\Windows\\CurrentVersion\\WindowsUpdate\\Services\\Pending","Pid":"824","Tid":"1072","Time":"2018-11-30 10:00:15"}
{"Action":"P46","Name":"Global\\Instance0:  ESENT Performance Data Schema Version 85","Object":"MutexObject","Pid":"824","Tid":"2084","Time":"2018-11-30 10:00:15"}
{"Action":"P46","Name":"Global\\Go0:  ESENT Performance Data Schema Version 85","Object":"EventObject","Pid":"824","Tid":"2084","Time":"2018-11-30 10:00:15"}
{"Action":"P46","Name":"Global\\Ready0:  ESENT Performance Data Schema Version 85","Object":"EventObject","Pid":"824","Tid":"2084","Time":"2018-11-30 10:00:15"}
{"Action":"F6","Bak":"","FilePath":"%SYSTEMROOT%\\System32\\winevt\\Logs\\Microsoft-Windows-Diagnosis-DPS%4Operational.evtx","FileType":"","MD5":"","Pid":"748","Size":"0","Tid":"772","Time":"2018-11-30 10:00:17"}
{"Action":"DE","Output":"ProcessDel: Pid(2676) Name(C:\\Windows\\SysWOW64\\calc.exe)","Pid":"2676","Tid":"0","Time":"2018-11-30 10:00:18"}
{"Action":"DE","Output":"ProcessDel: Pid(2836) Name(C:\\Windows\\SysWOW64\\notepad.exe)","Pid":"2836","Tid":"0","Time":"2018-11-30 10:00:19"}
{"Action":"R1","Key":"HKLM\\SYSTEM\\ControlSet001\\Control\\DeviceClasses","Pid":"576","Tid":"588","Time":"2018-11-30 10:00:20"}
{"Action":"R1","Key":"HKLM\\SYSTEM\\ControlSet001\\Control\\DeviceClasses","Pid":"576","Tid":"588","Time":"2018-11-30 10:00:20"}
{"Action":"R1","Key":"HKLM\\SYSTEM\\ControlSet001\\Control\\DeviceClasses","Pid":"576","Tid":"588","Time":"2018-11-30 10:00:20"}
{"Action":"R1","Key":"HKLM\\SYSTEM\\ControlSet001\\Control\\DeviceClasses","Pid":"576","Tid":"588","Time":"2018-11-30 10:00:20"}
{"Action":"R1","Key":"HKLM\\SYSTEM\\ControlSet001\\Control\\DeviceClasses","Pid":"576","Tid":"588","Time":"2018-11-30 10:00:20"}
{"Action":"R1","Key":"HKLM\\SYSTEM\\ControlSet001\\Control\\DeviceClasses","Pid":"576","Tid":"588","Time":"2018-11-30 10:00:20"}
{"Action":"P8","Address":"0x000007FFFFF70000","Bak":"backup\\824-1524-fff70000.dmp","FilePath":"%SYSTEMROOT%\\explorer.exe","Length":"564","Pid":"824","TargetPid":"1524","Tid":"1004","Time":"2018-11-30 10:00:20"}
{"Action":"DE","Output":"NonTarget: reason(OnPostNtWriteVirtualMemory), PPid( 824), Pid(1524) GetCommandLine(C:\\Windows\\Explorer.EXE)","Pid":"1524","Tid":"0","Time":"2018-11-30 10:00:20"}
{"Action":"P8","Address":"0x000007FFFFF70000","Bak":"backup\\824-1524-fff70000.dmp","FilePath":"%SYSTEMROOT%\\explorer.exe","Length":"564","Pid":"824","TargetPid":"1524","Tid":"1004","Time":"2018-11-30 10:00:20"}
{"Action":"DE","Output":"NonTarget: reason(OnPostNtWriteVirtualMemory), PPid( 824), Pid(1524) GetCommandLine(C:\\Windows\\Explorer.EXE)","Pid":"1524","Tid":"0","Time":"2018-11-30 10:00:20"}
{"Action":"P33","FilePath":"%SYSTEMROOT%\\System32\\svchost.exe","Pid":"824","Privileges":"SeAssignPrimaryTokenPrivilege,SeIncreaseQuotaPrivilege,SeTcbPrivilege,SeSecurityPrivilege,SeTakeOwnershipPrivilege,SeLoadDriverPrivilege,SeProfileSingleProcessPrivilege,SeIncreaseBasePriorityPrivilege,SeCreatePermanentPrivilege,SeRestorePrivilege,SeDebugPrivilege,SeAuditPrivilege,SeSystemEnvironmentPrivilege,SeChangeNotifyPrivilege,SeImpersonatePrivilege,SeCreateGlobalPrivilege,","Tid":"1004","Time":"2018-11-30 10:00:20"}
{"Action":"P33","FilePath":"%SYSTEMROOT%\\System32\\svchost.exe","Pid":"824","Privileges":"SeAssignPrimaryTokenPrivilege,SeLockMemoryPrivilege,SeIncreaseQuotaPrivilege,SeTcbPrivilege,SeSecurityPrivilege,SeTakeOwnershipPrivilege,SeLoadDriverPrivilege,SeSystemProfilePrivilege,SeSystemtimePrivilege,SeProfileSingleProcessPrivilege,SeIncreaseBasePriorityPrivilege,SeCreatePagefilePrivilege,SeCreatePermanentPrivilege,SeBackupPrivilege,SeRestorePrivilege,SeShutdownPrivilege,SeDebugPrivilege,SeAuditPrivilege,SeSystemEnvironmentPrivilege,SeChangeNotifyPrivilege,SeUndockPrivilege,SeManageVolumePrivilege,SeImpersonatePrivilege,SeCreateGlobalPrivilege,SeIncreaseWorkingSetPrivilege,SeTimeZonePrivilege,SeCreateSymbolicLinkPrivilege,","Tid":"1228","Time":"2018-11-30 10:00:20"}
{"Action":"P33","FilePath":"%SYSTEMROOT%\\System32\\svchost.exe","Pid":"824","Privileges":"SeAssignPrimaryTokenPrivilege,SeIncreaseQuotaPrivilege,SeTcbPrivilege,SeSecurityPrivilege,SeTakeOwnershipPrivilege,SeLoadDriverPrivilege,SeProfileSingleProcessPrivilege,SeIncreaseBasePriorityPrivilege,SeCreatePermanentPrivilege,SeRestorePrivilege,SeDebugPrivilege,SeAuditPrivilege,SeSystemEnvironmentPrivilege,SeChangeNotifyPrivilege,SeImpersonatePrivilege,SeCreateGlobalPrivilege,","Tid":"2380","Time":"2018-11-30 10:00:20"}
{"Action":"R1","Key":"HKLM\\Software\\Microsoft\\Windows\\CurrentVersion\\Policies\\System","Pid":"748","Tid":"772","Time":"2018-11-30 10:00:21"}
{"Action":"R1","Key":"HKLM\\SOFTWARE\\Microsoft\\Windows\\CurrentVersion\\Policies\\System","Pid":"748","Tid":"772","Time":"2018-11-30 10:00:21"}
{"Action":"R1","Key":"HKLM\\Software\\Microsoft\\Windows\\CurrentVersion\\Policies\\System","Pid":"748","Tid":"772","Time":"2018-11-30 10:00:21"}
{"Action":"R1","Key":"HKLM\\SOFTWARE\\Microsoft\\Windows\\CurrentVersion\\Policies\\System","Pid":"748","Tid":"772","Time":"2018-11-30 10:00:21"}
{"Action":"R1","Key":"HKLM\\Software\\Microsoft\\Windows\\CurrentVersion\\Policies\\System","Pid":"748","Tid":"772","Time":"2018-11-30 10:00:21"}
{"Action":"R1","Key":"HKLM\\SOFTWARE\\Microsoft\\Windows\\CurrentVersion\\Policies\\System","Pid":"748","Tid":"772","Time":"2018-11-30 10:00:21"}
{"Action":"DE","Output":"ProcessDel: Pid(3056) Name(C:\\Windows\\System32\\taskhost.exe)","Pid":"3056","Tid":"0","Time":"2018-11-30 10:00:40"}
{"Action":"DE","Output":"ProcessAdd(0): Pid( 784) Name(C:\\Windows\\SysWOW64\\calc.exe)","Pid":"784","Tid":"0","Time":"2018-11-30 10:00:41"}
{"Action":"DE","Output":"NonTarget: reason(OnCreateProcess), PPid( 740), Pid( 784) GetCommandLine(calc.exe)","Pid":"784","Tid":"0","Time":"2018-11-30 10:00:41"}
{"Action":"DE","Output":"ProcessAdd(0): Pid(2632) Name(C:\\Windows\\SysWOW64\\notepad.exe)","Pid":"2632","Tid":"0","Time":"2018-11-30 10:00:42"}
{"Action":"DE","Output":"NonTarget: reason(OnCreateProcess), PPid( 740), Pid(2632) GetCommandLine(Notepad.exe)","Pid":"2632","Tid":"0","Time":"2018-11-30 10:00:42"}
{"Action":"R1","Key":"HKLM\\SYSTEM\\ControlSet001\\Services\\MpsSvc\\Parameters\\PortKeywords\\DHCP","Pid":"748","Tid":"2952","Time":"2018-11-30 10:00:43"}
{"Action":"R1","Key":"HKLM\\SYSTEM\\ControlSet001\\Services\\MpsSvc\\Parameters\\PortKeywords\\DHCP","Pid":"748","Tid":"2952","Time":"2018-11-30 10:00:43"}
{"Action":"R1","Key":"HKLM\\SYSTEM\\ControlSet001\\services\\MpsSvc\\Parameters\\PortKeywords\\DHCP","Pid":"748","Tid":"2952","Time":"2018-11-30 10:00:43"}
{"Action":"R5","Data":"","DataType":"3","Key":"HKLM\\SYSTEM\\ControlSet001\\services\\MpsSvc\\Parameters\\PortKeywords\\DHCP\\Collection","Pid":"748","Tid":"2952","Time":"2018-11-30 10:00:43"}
{"Action":"R1","Key":"HKLM\\SYSTEM\\ControlSet001\\Services\\MpsSvc\\Parameters\\PortKeywords\\DHCP","Pid":"748","Tid":"2980","Time":"2018-11-30 10:00:43"}
{"Action":"R1","Key":"HKLM\\SYSTEM\\ControlSet001\\Services\\MpsSvc\\Parameters\\PortKeywords\\DHCP","Pid":"748","Tid":"2980","Time":"2018-11-30 10:00:43"}
{"Action":"R1","Key":"HKLM\\SYSTEM\\ControlSet001\\services\\MpsSvc\\Parameters\\PortKeywords\\DHCP","Pid":"748","Tid":"2980","Time":"2018-11-30 10:00:43"}
{"Action":"R5","Data":"","DataType":"3","Key":"HKLM\\SYSTEM\\ControlSet001\\services\\MpsSvc\\Parameters\\PortKeywords\\DHCP\\Collection","Pid":"748","Tid":"2980","Time":"2018-11-30 10:00:43"}
{"Action":"F6","Bak":"","FilePath":"%SYSTEMROOT%\\System32\\winevt\\Logs\\Application.evtx","FileType":"","MD5":"","Pid":"748","Size":"0","Tid":"2268","Time":"2018-11-30 10:00:44"}
{"Action":"F6","Bak":"","FilePath":"%SYSTEMROOT%\\System32\\winevt\\Logs\\System.evtx","FileType":"","MD5":"","Pid":"748","Size":"0","Tid":"2268","Time":"2018-11-30 10:00:45"}
{"Action":"DE","Output":"ProcessDel: Pid( 784) Name(C:\\Windows\\SysWOW64\\calc.exe)","Pid":"784","Tid":"0","Time":"2018-11-30 10:00:47"}
{"Action":"DE","Output":"ProcessDel: Pid(2632) Name(C:\\Windows\\SysWOW64\\notepad.exe)","Pid":"2632","Tid":"0","Time":"2018-11-30 10:00:47"}
{"Action":"P33","FilePath":"%SYSTEMROOT%\\System32\\svchost.exe","Pid":"824","Privileges":"SeManageVolumePrivilege,","Tid":"1072","Time":"2018-11-30 10:00:55"}
{"Action":"P33","FilePath":"%SYSTEMROOT%\\System32\\svchost.exe","Pid":"824","Privileges":"SeManageVolumePrivilege,","Tid":"1072","Time":"2018-11-30 10:00:55"}
{"Action":"F6","Bak":"","FilePath":"%SYSTEMROOT%\\ServiceProfiles\\LocalService\\AppData\\Local\\lastalive0.dat","FileType":"","MD5":"","Pid":"748","Size":"0","Tid":"796","Time":"2018-11-30 10:01:09"}
{"Action":"DE","Output":"ProcessAdd(0): Pid(2136) Name(C:\\Windows\\SysWOW64\\calc.exe)","Pid":"2136","Tid":"0","Time":"2018-11-30 10:01:11"}
{"Action":"DE","Output":"NonTarget: reason(OnCreateProcess), PPid( 740), Pid(2136) GetCommandLine(calc.exe)","Pid":"2136","Tid":"0","Time":"2018-11-30 10:01:11"}
{"Action":"DE","Output":"ProcessAdd(0): Pid(2600) Name(C:\\Windows\\SysWOW64\\notepad.exe)","Pid":"2600","Tid":"0","Time":"2018-11-30 10:01:12"}
{"Action":"DE","Output":"NonTarget: reason(OnCreateProcess), PPid( 740), Pid(2600) GetCommandLine(Notepad.exe)","Pid":"2600","Tid":"0","Time":"2018-11-30 10:01:12"}
{"Action":"DE","Output":"ProcessDel: Pid(2136) Name(C:\\Windows\\SysWOW64\\calc.exe)","Pid":"2136","Tid":"0","Time":"2018-11-30 10:01:17"}
{"Action":"DE","Output":"ProcessDel: Pid(2600) Name(C:\\Windows\\SysWOW64\\notepad.exe)","Pid":"2600","Tid":"0","Time":"2018-11-30 10:01:17"}
{"Action":"DE","Output":"ProcessDel: Pid(2972) Name(C:\\Windows\\SysWOW64\\wbem\\WmiPrvSE.exe)","Pid":"2972","Tid":"0","Time":"2018-11-30 10:01:20"}
{"Action":"DE","Output":"ProcessDel: Pid(2488) Name(C:\\Windows\\System32\\SearchFilterHost.exe)","Pid":"2488","Tid":"0","Time":"2018-11-30 10:01:21"}
{"Action":"DE","Output":"ProcessAdd(0): Pid(2620) Name(C:\\Windows\\System32\\SearchProtocolHost.exe)","Pid":"2620","Tid":"0","Time":"2018-11-30 10:01:21"}
{"Action":"DE","Output":"NonTarget: reason(OnCreateProcess), PPid(2396), Pid(2620) GetCommandLine(\"C:\\Windows\\system32\\SearchProtocolHost.exe\" Global\\UsGthrFltPipeMssGthrPipe_S-1-5-21-440116545-4042662141-3353097614-5003_ Global\\UsGthrCtrlFltPipeMssGthrPipe_S-1-5-21-440116545-40426621","Pid":"2620","Tid":"0","Time":"2018-11-30 10:01:21"}
{"Action":"DE","Output":"ProcessAdd(0): Pid(2484) Name(C:\\Windows\\System32\\SearchFilterHost.exe)","Pid":"2484","Tid":"0","Time":"2018-11-30 10:01:21"}
{"Action":"DE","Output":"NonTarget: reason(OnCreateProcess), PPid(2396), Pid(2484) GetCommandLine(\"C:\\Windows\\system32\\SearchFilterHost.exe\" 0 512 516 524 65536 520 )","Pid":"2484","Tid":"0","Time":"2018-11-30 10:01:21"}
